Log file open, 02/04/23 15:03:15
LogWindows: Failed to load 'aqProf.dll' (GetLastError=126)
LogWindows: File 'aqProf.dll' does not exist
LogWindows: Failed to load 'VtuneApi.dll' (GetLastError=126)
LogWindows: File 'VtuneApi.dll' does not exist
LogWindows: Failed to load 'VtuneApi32e.dll' (GetLastError=126)
LogWindows: File 'VtuneApi32e.dll' does not exist
LogConsoleResponse: Display: Failed to find resolution value strings in scalability ini. Falling back to default.
LogConsoleResponse: Display: Failed to find resolution value strings in scalability ini. Falling back to default.
LogInit: Display: Running engine for game: Rooted
LogPlatformFile: Not using cached read wrapper
LogTaskGraph: Started task graph with 5 named threads and 38 total threads with 3 sets of task threads.
LogStats: Stats thread started at 0.433855
LogICUInternationalization: ICU TimeZone Detection - Raw Offset: +0:00, Platform Override: ''
LogInit: Display: Loading text-based GConfig....
LogPluginManager: Mounting plugin MeshPainting
LogPluginManager: Mounting plugin XGEController
LogPluginManager: Mounting plugin Paper2D
LogPluginManager: Mounting plugin AISupport
LogPluginManager: Mounting plugin EnvironmentQueryEditor
LogPluginManager: Mounting plugin LightPropagationVolume
LogPluginManager: Mounting plugin AnimationSharing
LogPluginManager: Mounting plugin OodleData
LogPluginManager: Mounting plugin OodleNetwork
LogPluginManager: Mounting plugin CodeLiteSourceCodeAccess
LogPluginManager: Mounting plugin GitSourceControl
LogPluginManager: Mounting plugin PerforceSourceControl
LogPluginManager: Mounting plugin CLionSourceCodeAccess
LogPluginManager: Mounting plugin KDevelopSourceCodeAccess
LogPluginManager: Mounting plugin PluginUtils
LogPluginManager: Mounting plugin PixWinPlugin
LogPluginManager: Mounting plugin SubversionSourceControl
LogPluginManager: Mounting plugin PropertyAccessNode
LogPluginManager: Mounting plugin PlasticSourceControl
LogPluginManager: Mounting plugin RiderSourceCodeAccess
LogPluginManager: Mounting plugin NullSourceCodeAccess
LogPluginManager: Mounting plugin UObjectPlugin
LogPluginManager: Mounting plugin VisualStudioCodeSourceCodeAccess
LogPluginManager: Mounting plugin VisualStudioSourceCodeAccess
LogPluginManager: Mounting plugin LiveLink
LogPluginManager: Mounting plugin TextureFormatOodle
LogPluginManager: Mounting plugin XCodeSourceCodeAccess
LogPluginManager: Mounting plugin DatasmithContent
LogPluginManager: Mounting plugin VariantManagerContent
LogPluginManager: Mounting plugin AlembicImporter
LogPluginManager: Mounting plugin BackChannel
LogPluginManager: Mounting plugin AutomationUtils
LogPluginManager: Mounting plugin ChaosClothEditor
LogPluginManager: Mounting plugin ChaosEditor
LogPluginManager: Mounting plugin ChaosNiagara
LogPluginManager: Mounting plugin ChaosCloth
LogPluginManager: Mounting plugin ChaosSolverPlugin
LogPluginManager: Mounting plugin CharacterAI
LogPluginManager: Mounting plugin GeometryCollectionPlugin
LogPluginManager: Mounting plugin GeometryCache
LogPluginManager: Mounting plugin AssetManagerEditor
LogPluginManager: Mounting plugin CryptoKeys
LogPluginManager: Mounting plugin FacialAnimation
LogPluginManager: Mounting plugin GameplayTagsEditor
LogPluginManager: Mounting plugin DataValidation
LogPluginManager: Mounting plugin CurveEditorTools
LogPluginManager: Mounting plugin GeometryProcessing
LogPluginManager: Mounting plugin MacGraphicsSwitching
LogPluginManager: Mounting plugin MaterialAnalyzer
LogPluginManager: Mounting plugin GeometryMode
LogPluginManager: Mounting plugin PluginBrowser
LogPluginManager: Mounting plugin MobileLauncherProfileWizard
LogPluginManager: Mounting plugin SpeedTreeImporter
LogPluginManager: Mounting plugin MotoSynth
LogPluginManager: Mounting plugin PlanarCut
LogPluginManager: Mounting plugin PlatformCrypto
LogPluginManager: Mounting plugin OpenImageDenoise
LogPluginManager: Mounting plugin ProxyLODPlugin
LogPluginManager: Mounting plugin PythonScriptPlugin
LogPluginManager: Mounting plugin SkeletalReduction
LogPluginManager: Mounting plugin TcpMessaging
LogPluginManager: Mounting plugin AndroidMedia
LogPluginManager: Mounting plugin AvfMedia
LogPluginManager: Mounting plugin ImgMedia
LogPluginManager: Mounting plugin MediaCompositing
LogPluginManager: Mounting plugin MediaPlayerEditor
LogPluginManager: Mounting plugin WmfMedia
LogPluginManager: Mounting plugin UdpMessaging
LogPluginManager: Mounting plugin WebMMedia
LogPluginManager: Mounting plugin ActorSequence
LogPluginManager: Mounting plugin LevelSequenceEditor
LogPluginManager: Mounting plugin MatineeToLevelSequence
LogPluginManager: Mounting plugin TemplateSequence
LogPluginManager: Mounting plugin LuminPlatformFeatures
LogPluginManager: Mounting plugin MagicLeap
LogPluginManager: Mounting plugin MagicLeapLightEstimation
LogPluginManager: Mounting plugin MagicLeapMedia
LogPluginManager: Mounting plugin MagicLeapPassableWorld
LogPluginManager: Mounting plugin LauncherChunkInstaller
LogPluginManager: Mounting plugin MLSDK
LogPluginManager: Mounting plugin OnlineSubsystem
LogPluginManager: Mounting plugin OnlineSubsystemNull
LogPluginManager: Mounting plugin Niagara
LogPluginManager: Mounting plugin MultiUserTakes
LogPluginManager: Mounting plugin Takes
LogPluginManager: Mounting plugin ScreenshotTools
LogPluginManager: Mounting plugin ActorLayerUtilities
LogPluginManager: Mounting plugin AndroidPermission
LogPluginManager: Mounting plugin AndroidDeviceProfileSelector
LogPluginManager: Mounting plugin AndroidMoviePlayer
LogPluginManager: Mounting plugin AppleImageUtils
LogPluginManager: Mounting plugin ArchVisCharacter
LogPluginManager: Mounting plugin AudioCapture
LogPluginManager: Mounting plugin AudioSynesthesia
LogPluginManager: Mounting plugin AppleMoviePlayer
LogPluginManager: Mounting plugin CableComponent
LogPluginManager: Mounting plugin CustomMeshComponent
LogPluginManager: Mounting plugin AssetTags
LogPluginManager: Mounting plugin ChunkDownloader
LogPluginManager: Mounting plugin EditableMesh
LogPluginManager: Mounting plugin GoogleCloudMessaging
LogPluginManager: Mounting plugin GooglePAD
LogPluginManager: Mounting plugin LinuxDeviceProfileSelector
LogPluginManager: Mounting plugin IOSDeviceProfileSelector
LogPluginManager: Mounting plugin LocationServicesBPLibrary
LogPluginManager: Mounting plugin MobilePatchingUtils
LogPluginManager: Mounting plugin ExampleDeviceProfileSelector
LogPluginManager: Mounting plugin OpenXR
LogPluginManager: Mounting plugin OpenXREyeTracker
LogPluginManager: Mounting plugin OpenXRHandTracking
LogPluginManager: Mounting plugin OnlineSubsystemUtils
LogPluginManager: Mounting plugin PhysXVehicles
LogPluginManager: Mounting plugin PropertyAccessEditor
LogPluginManager: Mounting plugin ProceduralMeshComponent
LogPluginManager: Mounting plugin SoundFields
LogPluginManager: Mounting plugin Synthesis
LogPluginManager: Mounting plugin WebMMoviePlayer
LogPluginManager: Mounting plugin WindowsMoviePlayer
LogPluginManager: Mounting plugin CameraShakePreviewer
LogPluginManager: Mounting plugin GameplayCameras
LogPluginManager: Mounting plugin PostSplashScreen
LogPluginManager: Mounting plugin SignificanceManager
LogPluginManager: Mounting plugin RuntimePhysXCooking
LogPluginManager: Mounting plugin ConcertMain
LogPluginManager: Mounting plugin MultiUserClient
LogPluginManager: Mounting plugin ContentBrowserAssetDataSource
LogPluginManager: Mounting plugin ContentBrowserFileDataSource
LogPluginManager: Mounting plugin ContentBrowserClassDataSource
LogPluginManager: Mounting plugin OnlineSubsystemIOS
LogPluginManager: Mounting plugin OnlineSubsystemGooglePlay
LogPluginManager: Mounting plugin SQLiteCore
LogPluginManager: Mounting plugin OculusVR
LogPluginManager: Mounting plugin SteamVR
LogPluginManager: Mounting plugin ConcertSyncCore
LogPluginManager: Mounting plugin ConcertSyncClient
PixWinPlugin: PIX capture plugin failed to initialize! Check that the process is launched from PIX.
LogInit: Using libcurl 7.55.1-DEV
LogInit:  - built for x86_64-pc-win32
LogInit:  - supports SSL with OpenSSL/1.1.1
LogInit:  - supports HTTP deflate (compression) using libz 1.2.8
LogInit:  - other features:
LogInit:      CURL_VERSION_SSL
LogInit:      CURL_VERSION_LIBZ
LogInit:      CURL_VERSION_IPV6
LogInit:      CURL_VERSION_ASYNCHDNS
LogInit:      CURL_VERSION_LARGEFILE
LogInit:      CURL_VERSION_IDN
LogInit:  CurlRequestOptions (configurable via config and command line):
LogInit:  - bVerifyPeer = true  - Libcurl will verify peer certificate
LogInit:  - bUseHttpProxy = false  - Libcurl will NOT use HTTP proxy
LogInit:  - bDontReuseConnections = false  - Libcurl will reuse connections
LogInit:  - MaxHostConnections = 16  - Libcurl will limit the number of connections to a host
LogInit:  - LocalHostAddr = Default
LogInit:  - BufferSize = 65536
LogOnline: OSS: Creating online subsystem instance for: NULL
LogInit: WinSock: version 1.1 (2.2), MaxSocks=32767, MaxUdp=65467
LogOnline: OSS: TryLoadSubsystemAndSetDefault: Loaded subsystem for module [NULL]
LogOculusPluginWrapper: OculusPlugin initialized successfully
LogHMD: Failed initializing OVRPlugin 1.59.0
LogInit: Build: ++UE4+Release-4.27-CL-18319896
LogInit: Engine Version: 4.27.2-18319896+++UE4+Release-4.27
LogInit: Compatible Engine Version: 4.27.0-17155196+++UE4+Release-4.27
LogInit: Net CL: 17155196
LogInit: OS: Windows 10 (Release 2009) (), CPU: 12th Gen Intel(R) Core(TM) i7-12700, GPU: NVIDIA GeForce RTX 3080
LogInit: Compiled (64-bit): Nov 30 2021 07:12:08
LogInit: Compiled with Visual C++: 19.24.28315.00
LogInit: Build Configuration: Development
LogInit: Branch Name: ++UE4+Release-4.27
LogInit: Command Line: 
LogInit: Base Directory: C:/Program Files/Epic Games/UE_4.27/Engine/Binaries/Win64/
LogInit: Allocator: TBB
LogInit: Installed Engine Build: 1
LogDevObjectVersion: Number of dev versions registered: 29
LogDevObjectVersion:   Dev-Blueprints (B0D832E4-1F89-4F0D-ACCF-7EB736FD4AA2): 10
LogDevObjectVersion:   Dev-Build (E1C64328-A22C-4D53-A36C-8E866417BD8C): 0
LogDevObjectVersion:   Dev-Core (375EC13C-06E4-48FB-B500-84F0262A717E): 4
LogDevObjectVersion:   Dev-Editor (E4B068ED-F494-42E9-A231-DA0B2E46BB41): 40
LogDevObjectVersion:   Dev-Framework (CFFC743F-43B0-4480-9391-14DF171D2073): 37
LogDevObjectVersion:   Dev-Mobile (B02B49B5-BB20-44E9-A304-32B752E40360): 3
LogDevObjectVersion:   Dev-Networking (A4E4105C-59A1-49B5-A7C5-40C4547EDFEE): 0
LogDevObjectVersion:   Dev-Online (39C831C9-5AE6-47DC-9A44-9C173E1C8E7C): 0
LogDevObjectVersion:   Dev-Physics (78F01B33-EBEA-4F98-B9B4-84EACCB95AA2): 14
LogDevObjectVersion:   Dev-Platform (6631380F-2D4D-43E0-8009-CF276956A95A): 0
LogDevObjectVersion:   Dev-Rendering (12F88B9F-8875-4AFC-A67C-D90C383ABD29): 45
LogDevObjectVersion:   Dev-Sequencer (7B5AE74C-D270-4C10-A958-57980B212A5A): 13
LogDevObjectVersion:   Dev-VR (D7296918-1DD6-4BDD-9DE2-64A83CC13884): 3
LogDevObjectVersion:   Dev-LoadTimes (C2A15278-BFE7-4AFE-6C17-90FF531DF755): 1
LogDevObjectVersion:   Private-Geometry (6EACA3D4-40EC-4CC1-B786-8BED09428FC5): 3
LogDevObjectVersion:   Dev-AnimPhys (29E575DD-E0A3-4627-9D10-D276232CDCEA): 17
LogDevObjectVersion:   Dev-Anim (AF43A65D-7FD3-4947-9873-3E8ED9C1BB05): 15
LogDevObjectVersion:   Dev-ReflectionCapture (6B266CEC-1EC7-4B8F-A30B-E4D90942FC07): 1
LogDevObjectVersion:   Dev-Automation (0DF73D61-A23F-47EA-B727-89E90C41499A): 1
LogDevObjectVersion:   FortniteMain (601D1886-AC64-4F84-AA16-D3DE0DEAC7D6): 47
LogDevObjectVersion:   FortniteRelease (E7086368-6B23-4C58-8439-1B7016265E91): 1
LogDevObjectVersion:   Dev-Enterprise (9DFFBCD6-494F-0158-E221-12823C92A888): 10
LogDevObjectVersion:   Dev-Niagara (F2AED0AC-9AFE-416F-8664-AA7FFA26D6FC): 1
LogDevObjectVersion:   Dev-Destruction (174F1F0B-B4C6-45A5-B13F-2EE8D0FB917D): 10
LogDevObjectVersion:   Dev-Physics-Ext (35F94A83-E258-406C-A318-09F59610247C): 41
LogDevObjectVersion:   Dev-PhysicsMaterial-Chaos (B68FC16E-8B1B-42E2-B453-215C058844FE): 1
LogDevObjectVersion:   Dev-CineCamera (B2E18506-4273-CFC2-A54E-F4BB758BBA07): 1
LogDevObjectVersion:   Dev-VirtualProduction (64F58936-FD1B-42BA-BA96-7289D5D0FA4E): 1
LogDevObjectVersion:   Dev-MediaFramework (6F0ED827-A609-4895-9C91-998D90180EA4): 2
LogInit: Presizing for max 25165824 objects, including 0 objects not considered by GC, pre-allocating 0 bytes for permanent pool.
LogConfig: Applying CVar settings from Section [/Script/Engine.StreamingSettings] File [C:/Users/c2178288/Documents/GitHub/Global-Game-Jam/Rooted/Saved/Config/Windows/Engine.ini]
LogConfig: Setting CVar [[s.MinBulkDataSizeForAsyncLoading:131072]]
LogConfig: Setting CVar [[s.AsyncLoadingThreadEnabled:0]]
LogConfig: Setting CVar [[s.EventDrivenLoaderEnabled:1]]
LogConfig: Setting CVar [[s.WarnIfTimeLimitExceeded:0]]
LogConfig: Setting CVar [[s.TimeLimitExceededMultiplier:1.5]]
LogConfig: Setting CVar [[s.TimeLimitExceededMinTime:0.005]]
LogConfig: Setting CVar [[s.UseBackgroundLevelStreaming:1]]
LogConfig: Setting CVar [[s.PriorityAsyncLoadingExtraTime:15.0]]
LogConfig: Setting CVar [[s.LevelStreamingActorsUpdateTimeLimit:5.0]]
LogConfig: Setting CVar [[s.PriorityLevelStreamingActorsUpdateExtraTime:5.0]]
LogConfig: Setting CVar [[s.LevelStreamingComponentsRegistrationGranularity:10]]
LogConfig: Setting CVar [[s.UnregisterComponentsTimeLimit:1.0]]
LogConfig: Setting CVar [[s.LevelStreamingComponentsUnregistrationGranularity:5]]
LogConfig: Setting CVar [[s.FlushStreamingOnExit:1]]
LogInit: Object subsystem initialized
LogConfig: Setting CVar [[con.DebugEarlyDefault:1]]
LogConfig: Setting CVar [[r.setres:1280x720]]
[2023.02.04-15.03.16:237][  0]LogConfig: Setting CVar [[r.VSync:0]]
[2023.02.04-15.03.16:237][  0]LogConfig: Setting CVar [[r.RHICmdBypass:0]]
[2023.02.04-15.03.16:237][  0]LogConfig: Applying CVar settings from Section [/Script/Engine.RendererSettings] File [C:/Users/c2178288/Documents/GitHub/Global-Game-Jam/Rooted/Saved/Config/Windows/Engine.ini]
[2023.02.04-15.03.16:237][  0]LogConfig: Setting CVar [[r.GPUCrashDebugging:0]]
[2023.02.04-15.03.16:237][  0]LogConfig: Applying CVar settings from Section [/Script/Engine.RendererOverrideSettings] File [C:/Users/c2178288/Documents/GitHub/Global-Game-Jam/Rooted/Saved/Config/Windows/Engine.ini]
[2023.02.04-15.03.16:237][  0]LogConfig: Applying CVar settings from Section [/Script/Engine.StreamingSettings] File [C:/Users/c2178288/Documents/GitHub/Global-Game-Jam/Rooted/Saved/Config/Windows/Engine.ini]
[2023.02.04-15.03.16:237][  0]LogConfig: Setting CVar [[s.MinBulkDataSizeForAsyncLoading:131072]]
[2023.02.04-15.03.16:237][  0]LogConfig: Setting CVar [[s.AsyncLoadingThreadEnabled:0]]
[2023.02.04-15.03.16:237][  0]LogConfig: Setting CVar [[s.EventDrivenLoaderEnabled:1]]
[2023.02.04-15.03.16:237][  0]LogConfig: Setting CVar [[s.WarnIfTimeLimitExceeded:0]]
[2023.02.04-15.03.16:237][  0]LogConfig: Setting CVar [[s.TimeLimitExceededMultiplier:1.5]]
[2023.02.04-15.03.16:237][  0]LogConfig: Setting CVar [[s.TimeLimitExceededMinTime:0.005]]
[2023.02.04-15.03.16:237][  0]LogConfig: Setting CVar [[s.UseBackgroundLevelStreaming:1]]
[2023.02.04-15.03.16:237][  0]LogConfig: Setting CVar [[s.PriorityAsyncLoadingExtraTime:15.0]]
[2023.02.04-15.03.16:237][  0]LogConfig: Setting CVar [[s.LevelStreamingActorsUpdateTimeLimit:5.0]]
[2023.02.04-15.03.16:237][  0]LogConfig: Setting CVar [[s.PriorityLevelStreamingActorsUpdateExtraTime:5.0]]
[2023.02.04-15.03.16:237][  0]LogConfig: Setting CVar [[s.LevelStreamingComponentsRegistrationGranularity:10]]
[2023.02.04-15.03.16:237][  0]LogConfig: Setting CVar [[s.UnregisterComponentsTimeLimit:1.0]]
[2023.02.04-15.03.16:237][  0]LogConfig: Setting CVar [[s.LevelStreamingComponentsUnregistrationGranularity:5]]
[2023.02.04-15.03.16:237][  0]LogConfig: Setting CVar [[s.FlushStreamingOnExit:1]]
[2023.02.04-15.03.16:237][  0]LogConfig: Applying CVar settings from Section [/Script/Engine.GarbageCollectionSettings] File [C:/Users/c2178288/Documents/GitHub/Global-Game-Jam/Rooted/Saved/Config/Windows/Engine.ini]
[2023.02.04-15.03.16:237][  0]LogConfig: Setting CVar [[gc.MaxObjectsNotConsideredByGC:1]]
[2023.02.04-15.03.16:237][  0]LogConfig: Setting CVar [[gc.SizeOfPermanentObjectPool:0]]
[2023.02.04-15.03.16:237][  0]LogConfig: Setting CVar [[gc.FlushStreamingOnGC:0]]
[2023.02.04-15.03.16:237][  0]LogConfig: Setting CVar [[gc.NumRetriesBeforeForcingGC:10]]
[2023.02.04-15.03.16:237][  0]LogConfig: Setting CVar [[gc.AllowParallelGC:1]]
[2023.02.04-15.03.16:237][  0]LogConfig: Setting CVar [[gc.TimeBetweenPurgingPendingKillObjects:61.1]]
[2023.02.04-15.03.16:237][  0]LogConfig: Setting CVar [[gc.MaxObjectsInEditor:25165824]]
[2023.02.04-15.03.16:237][  0]LogConfig: Setting CVar [[gc.IncrementalBeginDestroyEnabled:1]]
[2023.02.04-15.03.16:237][  0]LogConfig: Setting CVar [[gc.CreateGCClusters:1]]
[2023.02.04-15.03.16:237][  0]LogConfig: Setting CVar [[gc.MinGCClusterSize:5]]
[2023.02.04-15.03.16:237][  0]LogConfig: Setting CVar [[gc.ActorClusteringEnabled:0]]
[2023.02.04-15.03.16:237][  0]LogConfig: Setting CVar [[gc.BlueprintClusteringEnabled:0]]
[2023.02.04-15.03.16:237][  0]LogConfig: Setting CVar [[gc.UseDisregardForGCOnDedicatedServers:0]]
[2023.02.04-15.03.16:237][  0]LogConfig: Setting CVar [[gc.MultithreadedDestructionEnabled:1]]
[2023.02.04-15.03.16:237][  0]LogConfig: Applying CVar settings from Section [/Script/Engine.NetworkSettings] File [C:/Users/c2178288/Documents/GitHub/Global-Game-Jam/Rooted/Saved/Config/Windows/Engine.ini]
[2023.02.04-15.03.16:237][  0]LogConfig: Applying CVar settings from Section [/Script/UnrealEd.CookerSettings] File [C:/Users/c2178288/Documents/GitHub/Global-Game-Jam/Rooted/Saved/Config/Windows/Engine.ini]
[2023.02.04-15.03.16:243][  0]LogConfig: Applying CVar settings from Section [ViewDistanceQuality@3] File [C:/Users/c2178288/Documents/GitHub/Global-Game-Jam/Rooted/Saved/Config/Windows/Scalability.ini]
[2023.02.04-15.03.16:243][  0]LogConfig: Setting CVar [[r.SkeletalMeshLODBias:0]]
[2023.02.04-15.03.16:243][  0]LogConfig: Setting CVar [[r.ViewDistanceScale:1.0]]
[2023.02.04-15.03.16:243][  0]LogConfig: Applying CVar settings from Section [AntiAliasingQuality@3] File [C:/Users/c2178288/Documents/GitHub/Global-Game-Jam/Rooted/Saved/Config/Windows/Scalability.ini]
[2023.02.04-15.03.16:243][  0]LogConfig: Setting CVar [[r.PostProcessAAQuality:4]]
[2023.02.04-15.03.16:243][  0]LogConfig: Applying CVar settings from Section [ShadowQuality@3] File [C:/Users/c2178288/Documents/GitHub/Global-Game-Jam/Rooted/Saved/Config/Windows/Scalability.ini]
[2023.02.04-15.03.16:243][  0]LogConfig: Setting CVar [[r.LightFunctionQuality:1]]
[2023.02.04-15.03.16:243][  0]LogConfig: Setting CVar [[r.ShadowQuality:5]]
[2023.02.04-15.03.16:243][  0]LogConfig: Setting CVar [[r.Shadow.CSM.MaxCascades:10]]
[2023.02.04-15.03.16:243][  0]LogConfig: Setting CVar [[r.Shadow.MaxResolution:2048]]
[2023.02.04-15.03.16:243][  0]LogConfig: Setting CVar [[r.Shadow.MaxCSMResolution:2048]]
[2023.02.04-15.03.16:243][  0]LogConfig: Setting CVar [[r.Shadow.RadiusThreshold:0.01]]
[2023.02.04-15.03.16:243][  0]LogConfig: Setting CVar [[r.Shadow.DistanceScale:1.0]]
[2023.02.04-15.03.16:243][  0]LogConfig: Setting CVar [[r.Shadow.CSM.TransitionScale:1.0]]
[2023.02.04-15.03.16:243][  0]LogConfig: Setting CVar [[r.Shadow.PreShadowResolutionFactor:1.0]]
[2023.02.04-15.03.16:243][  0]LogConfig: Setting CVar [[r.DistanceFieldShadowing:1]]
[2023.02.04-15.03.16:243][  0]LogConfig: Setting CVar [[r.DistanceFieldAO:1]]
[2023.02.04-15.03.16:243][  0]LogConfig: Setting CVar [[r.AOQuality:2]]
[2023.02.04-15.03.16:243][  0]LogConfig: Setting CVar [[r.VolumetricFog:1]]
[2023.02.04-15.03.16:243][  0]LogConfig: Setting CVar [[r.VolumetricFog.GridPixelSize:8]]
[2023.02.04-15.03.16:243][  0]LogConfig: Setting CVar [[r.VolumetricFog.GridSizeZ:128]]
[2023.02.04-15.03.16:243][  0]LogConfig: Setting CVar [[r.VolumetricFog.HistoryMissSupersampleCount:4]]
[2023.02.04-15.03.16:243][  0]LogConfig: Setting CVar [[r.LightMaxDrawDistanceScale:1]]
[2023.02.04-15.03.16:243][  0]LogConfig: Setting CVar [[r.CapsuleShadows:1]]
[2023.02.04-15.03.16:243][  0]LogConfig: Applying CVar settings from Section [PostProcessQuality@3] File [C:/Users/c2178288/Documents/GitHub/Global-Game-Jam/Rooted/Saved/Config/Windows/Scalability.ini]
[2023.02.04-15.03.16:243][  0]LogConfig: Setting CVar [[r.MotionBlurQuality:4]]
[2023.02.04-15.03.16:243][  0]LogConfig: Setting CVar [[r.AmbientOcclusionMipLevelFactor:0.4]]
[2023.02.04-15.03.16:243][  0]LogConfig: Setting CVar [[r.AmbientOcclusionMaxQuality:100]]
[2023.02.04-15.03.16:243][  0]LogConfig: Setting CVar [[r.AmbientOcclusionLevels:-1]]
[2023.02.04-15.03.16:243][  0]LogConfig: Setting CVar [[r.AmbientOcclusionRadiusScale:1.0]]
[2023.02.04-15.03.16:243][  0]LogConfig: Setting CVar [[r.DepthOfFieldQuality:2]]
[2023.02.04-15.03.16:243][  0]LogConfig: Setting CVar [[r.RenderTargetPoolMin:400]]
[2023.02.04-15.03.16:243][  0]LogConfig: Setting CVar [[r.LensFlareQuality:2]]
[2023.02.04-15.03.16:243][  0]LogConfig: Setting CVar [[r.SceneColorFringeQuality:1]]
[2023.02.04-15.03.16:243][  0]LogConfig: Setting CVar [[r.EyeAdaptationQuality:2]]
[2023.02.04-15.03.16:243][  0]LogConfig: Setting CVar [[r.BloomQuality:5]]
[2023.02.04-15.03.16:243][  0]LogConfig: Setting CVar [[r.FastBlurThreshold:100]]
[2023.02.04-15.03.16:243][  0]LogConfig: Setting CVar [[r.Upscale.Quality:3]]
[2023.02.04-15.03.16:243][  0]LogConfig: Setting CVar [[r.Tonemapper.GrainQuantization:1]]
[2023.02.04-15.03.16:243][  0]LogConfig: Setting CVar [[r.LightShaftQuality:1]]
[2023.02.04-15.03.16:243][  0]LogConfig: Setting CVar [[r.Filter.SizeScale:1]]
[2023.02.04-15.03.16:243][  0]LogConfig: Setting CVar [[r.Tonemapper.Quality:5]]
[2023.02.04-15.03.16:243][  0]LogConfig: Setting CVar [[r.DOF.Gather.AccumulatorQuality:1        ; higher gathering accumulator quality]]
[2023.02.04-15.03.16:243][  0]LogConfig: Setting CVar [[r.DOF.Gather.PostfilterMethod:1          ; Median3x3 postfilering method]]
[2023.02.04-15.03.16:243][  0]LogConfig: Setting CVar [[r.DOF.Gather.EnableBokehSettings:0       ; no bokeh simulation when gathering]]
[2023.02.04-15.03.16:243][  0]LogConfig: Setting CVar [[r.DOF.Gather.RingCount:4                 ; medium number of samples when gathering]]
[2023.02.04-15.03.16:243][  0]LogConfig: Setting CVar [[r.DOF.Scatter.ForegroundCompositing:1    ; additive foreground scattering]]
[2023.02.04-15.03.16:243][  0]LogConfig: Setting CVar [[r.DOF.Scatter.BackgroundCompositing:2    ; additive background scattering]]
[2023.02.04-15.03.16:243][  0]LogConfig: Setting CVar [[r.DOF.Scatter.EnableBokehSettings:1      ; bokeh simulation when scattering]]
[2023.02.04-15.03.16:243][  0]LogConfig: Setting CVar [[r.DOF.Scatter.MaxSpriteRatio:0.1         ; only a maximum of 10% of scattered bokeh]]
[2023.02.04-15.03.16:243][  0]LogConfig: Setting CVar [[r.DOF.Recombine.Quality:1                ; cheap slight out of focus]]
[2023.02.04-15.03.16:243][  0]LogConfig: Setting CVar [[r.DOF.Recombine.EnableBokehSettings:0    ; no bokeh simulation on slight out of focus]]
[2023.02.04-15.03.16:243][  0]LogConfig: Setting CVar [[r.DOF.TemporalAAQuality:1                ; more stable temporal accumulation]]
[2023.02.04-15.03.16:243][  0]LogConfig: Setting CVar [[r.DOF.Kernel.MaxForegroundRadius:0.025]]
[2023.02.04-15.03.16:243][  0]LogConfig: Setting CVar [[r.DOF.Kernel.MaxBackgroundRadius:0.025]]
[2023.02.04-15.03.16:243][  0]LogConfig: Applying CVar settings from Section [TextureQuality@3] File [C:/Users/c2178288/Documents/GitHub/Global-Game-Jam/Rooted/Saved/Config/Windows/Scalability.ini]
[2023.02.04-15.03.16:243][  0]LogConfig: Setting CVar [[r.Streaming.MipBias:0]]
[2023.02.04-15.03.16:243][  0]LogConfig: Setting CVar [[r.Streaming.AmortizeCPUToGPUCopy:0]]
[2023.02.04-15.03.16:243][  0]LogConfig: Setting CVar [[r.Streaming.MaxNumTexturesToStreamPerFrame:0]]
[2023.02.04-15.03.16:243][  0]LogConfig: Setting CVar [[r.Streaming.Boost:1]]
[2023.02.04-15.03.16:243][  0]LogConfig: Setting CVar [[r.MaxAnisotropy:8]]
[2023.02.04-15.03.16:243][  0]LogConfig: Setting CVar [[r.VT.MaxAnisotropy:8]]
[2023.02.04-15.03.16:243][  0]LogConfig: Setting CVar [[r.Streaming.LimitPoolSizeToVRAM:0]]
[2023.02.04-15.03.16:243][  0]LogConfig: Setting CVar [[r.Streaming.PoolSize:1000]]
[2023.02.04-15.03.16:243][  0]LogConfig: Setting CVar [[r.Streaming.MaxEffectiveScreenSize:0]]
[2023.02.04-15.03.16:243][  0]LogConfig: Applying CVar settings from Section [EffectsQuality@3] File [C:/Users/c2178288/Documents/GitHub/Global-Game-Jam/Rooted/Saved/Config/Windows/Scalability.ini]
[2023.02.04-15.03.16:243][  0]LogConfig: Setting CVar [[r.TranslucencyLightingVolumeDim:64]]
[2023.02.04-15.03.16:243][  0]LogConfig: Setting CVar [[r.RefractionQuality:2]]
[2023.02.04-15.03.16:243][  0]LogConfig: Setting CVar [[r.SSR.Quality:3]]
[2023.02.04-15.03.16:243][  0]LogConfig: Setting CVar [[r.SSR.HalfResSceneColor:0]]
[2023.02.04-15.03.16:243][  0]LogConfig: Setting CVar [[r.SceneColorFormat:4]]
[2023.02.04-15.03.16:243][  0]LogConfig: Setting CVar [[r.DetailMode:2]]
[2023.02.04-15.03.16:243][  0]LogConfig: Setting CVar [[r.TranslucencyVolumeBlur:1]]
[2023.02.04-15.03.16:243][  0]LogConfig: Setting CVar [[r.MaterialQualityLevel:1 ; High quality]]
[2023.02.04-15.03.16:243][  0]LogConfig: Setting CVar [[r.AnisotropicMaterials:1]]
[2023.02.04-15.03.16:243][  0]LogConfig: Setting CVar [[r.SSS.Scale:1]]
[2023.02.04-15.03.16:243][  0]LogConfig: Setting CVar [[r.SSS.SampleSet:2]]
[2023.02.04-15.03.16:243][  0]LogConfig: Setting CVar [[r.SSS.Quality:1]]
[2023.02.04-15.03.16:243][  0]LogConfig: Setting CVar [[r.SSS.HalfRes:0]]
[2023.02.04-15.03.16:243][  0]LogConfig: Setting CVar [[r.SSGI.Quality:3]]
[2023.02.04-15.03.16:243][  0]LogConfig: Setting CVar [[r.EmitterSpawnRateScale:1.0]]
[2023.02.04-15.03.16:243][  0]LogConfig: Setting CVar [[r.ParticleLightQuality:2]]
[2023.02.04-15.03.16:243][  0]LogConfig: Setting CVar [[r.SkyAtmosphere.AerialPerspectiveLUT.FastApplyOnOpaque:1 ; Always have FastSkyLUT 1 in this case to avoid wrong sky]]
[2023.02.04-15.03.16:243][  0]LogConfig: Setting CVar [[r.SkyAtmosphere.AerialPerspectiveLUT.SampleCountMaxPerSlice:4]]
[2023.02.04-15.03.16:243][  0]LogConfig: Setting CVar [[r.SkyAtmosphere.AerialPerspectiveLUT.DepthResolution:16.0]]
[2023.02.04-15.03.16:243][  0]LogConfig: Setting CVar [[r.SkyAtmosphere.FastSkyLUT:1]]
[2023.02.04-15.03.16:243][  0]LogConfig: Setting CVar [[r.SkyAtmosphere.FastSkyLUT.SampleCountMin:4.0]]
[2023.02.04-15.03.16:243][  0]LogConfig: Setting CVar [[r.SkyAtmosphere.FastSkyLUT.SampleCountMax:128.0]]
[2023.02.04-15.03.16:243][  0]LogConfig: Setting CVar [[r.SkyAtmosphere.SampleCountMin:4.0]]
[2023.02.04-15.03.16:243][  0]LogConfig: Setting CVar [[r.SkyAtmosphere.SampleCountMax:128.0]]
[2023.02.04-15.03.16:243][  0]LogConfig: Setting CVar [[r.SkyAtmosphere.TransmittanceLUT.UseSmallFormat:0]]
[2023.02.04-15.03.16:243][  0]LogConfig: Setting CVar [[r.SkyAtmosphere.TransmittanceLUT.SampleCount:10.0]]
[2023.02.04-15.03.16:243][  0]LogConfig: Setting CVar [[r.SkyAtmosphere.MultiScatteringLUT.SampleCount:15.0]]
[2023.02.04-15.03.16:243][  0]LogConfig: Setting CVar [[r.SkyLight.RealTimeReflectionCapture:1]]
[2023.02.04-15.03.16:244][  0]LogConfig: Applying CVar settings from Section [FoliageQuality@3] File [C:/Users/c2178288/Documents/GitHub/Global-Game-Jam/Rooted/Saved/Config/Windows/Scalability.ini]
[2023.02.04-15.03.16:244][  0]LogConfig: Setting CVar [[foliage.DensityScale:1.0]]
[2023.02.04-15.03.16:244][  0]LogConfig: Setting CVar [[grass.DensityScale:1.0]]
[2023.02.04-15.03.16:244][  0]LogConfig: Applying CVar settings from Section [ShadingQuality@3] File [C:/Users/c2178288/Documents/GitHub/Global-Game-Jam/Rooted/Saved/Config/Windows/Scalability.ini]
[2023.02.04-15.03.16:244][  0]LogConfig: Setting CVar [[r.HairStrands.SkyLighting.IntegrationType:2]]
[2023.02.04-15.03.16:244][  0]LogConfig: Setting CVar [[r.HairStrands.SkyAO.SampleCount:4]]
[2023.02.04-15.03.16:244][  0]LogConfig: Setting CVar [[r.HairStrands.Visibility.MSAA.SamplePerPixel:4]]
[2023.02.04-15.03.16:244][  0]LogInit: Selected Device Profile: [Windows]
[2023.02.04-15.03.16:244][  0]LogInit: Applying CVar settings loaded from the selected device profile: [Windows]
[2023.02.04-15.03.16:244][  0]LogHAL: Display: Platform has ~ 64 GB [68410646528 / 68719476736 / 64], which maps to Largest [LargestMinGB=32, LargerMinGB=12, DefaultMinGB=8, SmallerMinGB=6, SmallestMinGB=0)
[2023.02.04-15.03.16:244][  0]LogInit: Going up to parent DeviceProfile []
[2023.02.04-15.03.16:244][  0]LogConfig: Applying CVar settings from Section [ViewDistanceQuality@3] File [C:/Users/c2178288/Documents/GitHub/Global-Game-Jam/Rooted/Saved/Config/Windows/Scalability.ini]
[2023.02.04-15.03.16:244][  0]LogConfig: Setting CVar [[r.SkeletalMeshLODBias:0]]
[2023.02.04-15.03.16:244][  0]LogConfig: Setting CVar [[r.ViewDistanceScale:1.0]]
[2023.02.04-15.03.16:244][  0]LogConfig: Applying CVar settings from Section [AntiAliasingQuality@3] File [C:/Users/c2178288/Documents/GitHub/Global-Game-Jam/Rooted/Saved/Config/Windows/Scalability.ini]
[2023.02.04-15.03.16:244][  0]LogConfig: Setting CVar [[r.PostProcessAAQuality:4]]
[2023.02.04-15.03.16:244][  0]LogConfig: Applying CVar settings from Section [ShadowQuality@3] File [C:/Users/c2178288/Documents/GitHub/Global-Game-Jam/Rooted/Saved/Config/Windows/Scalability.ini]
[2023.02.04-15.03.16:244][  0]LogConfig: Setting CVar [[r.LightFunctionQuality:1]]
[2023.02.04-15.03.16:244][  0]LogConfig: Setting CVar [[r.ShadowQuality:5]]
[2023.02.04-15.03.16:244][  0]LogConfig: Setting CVar [[r.Shadow.CSM.MaxCascades:10]]
[2023.02.04-15.03.16:244][  0]LogConfig: Setting CVar [[r.Shadow.MaxResolution:2048]]
[2023.02.04-15.03.16:244][  0]LogConfig: Setting CVar [[r.Shadow.MaxCSMResolution:2048]]
[2023.02.04-15.03.16:244][  0]LogConfig: Setting CVar [[r.Shadow.RadiusThreshold:0.01]]
[2023.02.04-15.03.16:244][  0]LogConfig: Setting CVar [[r.Shadow.DistanceScale:1.0]]
[2023.02.04-15.03.16:244][  0]LogConfig: Setting CVar [[r.Shadow.CSM.TransitionScale:1.0]]
[2023.02.04-15.03.16:244][  0]LogConfig: Setting CVar [[r.Shadow.PreShadowResolutionFactor:1.0]]
[2023.02.04-15.03.16:244][  0]LogConfig: Setting CVar [[r.DistanceFieldShadowing:1]]
[2023.02.04-15.03.16:244][  0]LogConfig: Setting CVar [[r.DistanceFieldAO:1]]
[2023.02.04-15.03.16:244][  0]LogConfig: Setting CVar [[r.AOQuality:2]]
[2023.02.04-15.03.16:244][  0]LogConfig: Setting CVar [[r.VolumetricFog:1]]
[2023.02.04-15.03.16:244][  0]LogConfig: Setting CVar [[r.VolumetricFog.GridPixelSize:8]]
[2023.02.04-15.03.16:244][  0]LogConfig: Setting CVar [[r.VolumetricFog.GridSizeZ:128]]
[2023.02.04-15.03.16:244][  0]LogConfig: Setting CVar [[r.VolumetricFog.HistoryMissSupersampleCount:4]]
[2023.02.04-15.03.16:244][  0]LogConfig: Setting CVar [[r.LightMaxDrawDistanceScale:1]]
[2023.02.04-15.03.16:244][  0]LogConfig: Setting CVar [[r.CapsuleShadows:1]]
[2023.02.04-15.03.16:244][  0]LogConfig: Applying CVar settings from Section [PostProcessQuality@3] File [C:/Users/c2178288/Documents/GitHub/Global-Game-Jam/Rooted/Saved/Config/Windows/Scalability.ini]
[2023.02.04-15.03.16:244][  0]LogConfig: Setting CVar [[r.MotionBlurQuality:4]]
[2023.02.04-15.03.16:244][  0]LogConfig: Setting CVar [[r.AmbientOcclusionMipLevelFactor:0.4]]
[2023.02.04-15.03.16:244][  0]LogConfig: Setting CVar [[r.AmbientOcclusionMaxQuality:100]]
[2023.02.04-15.03.16:244][  0]LogConfig: Setting CVar [[r.AmbientOcclusionLevels:-1]]
[2023.02.04-15.03.16:244][  0]LogConfig: Setting CVar [[r.AmbientOcclusionRadiusScale:1.0]]
[2023.02.04-15.03.16:244][  0]LogConfig: Setting CVar [[r.DepthOfFieldQuality:2]]
[2023.02.04-15.03.16:244][  0]LogConfig: Setting CVar [[r.RenderTargetPoolMin:400]]
[2023.02.04-15.03.16:244][  0]LogConfig: Setting CVar [[r.LensFlareQuality:2]]
[2023.02.04-15.03.16:244][  0]LogConfig: Setting CVar [[r.SceneColorFringeQuality:1]]
[2023.02.04-15.03.16:244][  0]LogConfig: Setting CVar [[r.EyeAdaptationQuality:2]]
[2023.02.04-15.03.16:244][  0]LogConfig: Setting CVar [[r.BloomQuality:5]]
[2023.02.04-15.03.16:244][  0]LogConfig: Setting CVar [[r.FastBlurThreshold:100]]
[2023.02.04-15.03.16:244][  0]LogConfig: Setting CVar [[r.Upscale.Quality:3]]
[2023.02.04-15.03.16:244][  0]LogConfig: Setting CVar [[r.Tonemapper.GrainQuantization:1]]
[2023.02.04-15.03.16:244][  0]LogConfig: Setting CVar [[r.LightShaftQuality:1]]
[2023.02.04-15.03.16:244][  0]LogConfig: Setting CVar [[r.Filter.SizeScale:1]]
[2023.02.04-15.03.16:244][  0]LogConfig: Setting CVar [[r.Tonemapper.Quality:5]]
[2023.02.04-15.03.16:244][  0]LogConfig: Setting CVar [[r.DOF.Gather.AccumulatorQuality:1        ; higher gathering accumulator quality]]
[2023.02.04-15.03.16:244][  0]LogConfig: Setting CVar [[r.DOF.Gather.PostfilterMethod:1          ; Median3x3 postfilering method]]
[2023.02.04-15.03.16:244][  0]LogConfig: Setting CVar [[r.DOF.Gather.EnableBokehSettings:0       ; no bokeh simulation when gathering]]
[2023.02.04-15.03.16:244][  0]LogConfig: Setting CVar [[r.DOF.Gather.RingCount:4                 ; medium number of samples when gathering]]
[2023.02.04-15.03.16:244][  0]LogConfig: Setting CVar [[r.DOF.Scatter.ForegroundCompositing:1    ; additive foreground scattering]]
[2023.02.04-15.03.16:244][  0]LogConfig: Setting CVar [[r.DOF.Scatter.BackgroundCompositing:2    ; additive background scattering]]
[2023.02.04-15.03.16:244][  0]LogConfig: Setting CVar [[r.DOF.Scatter.EnableBokehSettings:1      ; bokeh simulation when scattering]]
[2023.02.04-15.03.16:244][  0]LogConfig: Setting CVar [[r.DOF.Scatter.MaxSpriteRatio:0.1         ; only a maximum of 10% of scattered bokeh]]
[2023.02.04-15.03.16:244][  0]LogConfig: Setting CVar [[r.DOF.Recombine.Quality:1                ; cheap slight out of focus]]
[2023.02.04-15.03.16:244][  0]LogConfig: Setting CVar [[r.DOF.Recombine.EnableBokehSettings:0    ; no bokeh simulation on slight out of focus]]
[2023.02.04-15.03.16:244][  0]LogConfig: Setting CVar [[r.DOF.TemporalAAQuality:1                ; more stable temporal accumulation]]
[2023.02.04-15.03.16:244][  0]LogConfig: Setting CVar [[r.DOF.Kernel.MaxForegroundRadius:0.025]]
[2023.02.04-15.03.16:244][  0]LogConfig: Setting CVar [[r.DOF.Kernel.MaxBackgroundRadius:0.025]]
[2023.02.04-15.03.16:244][  0]LogConfig: Applying CVar settings from Section [TextureQuality@3] File [C:/Users/c2178288/Documents/GitHub/Global-Game-Jam/Rooted/Saved/Config/Windows/Scalability.ini]
[2023.02.04-15.03.16:244][  0]LogConfig: Setting CVar [[r.Streaming.MipBias:0]]
[2023.02.04-15.03.16:244][  0]LogConfig: Setting CVar [[r.Streaming.AmortizeCPUToGPUCopy:0]]
[2023.02.04-15.03.16:244][  0]LogConfig: Setting CVar [[r.Streaming.MaxNumTexturesToStreamPerFrame:0]]
[2023.02.04-15.03.16:244][  0]LogConfig: Setting CVar [[r.Streaming.Boost:1]]
[2023.02.04-15.03.16:244][  0]LogConfig: Setting CVar [[r.MaxAnisotropy:8]]
[2023.02.04-15.03.16:244][  0]LogConfig: Setting CVar [[r.VT.MaxAnisotropy:8]]
[2023.02.04-15.03.16:244][  0]LogConfig: Setting CVar [[r.Streaming.LimitPoolSizeToVRAM:0]]
[2023.02.04-15.03.16:244][  0]LogConfig: Setting CVar [[r.Streaming.PoolSize:1000]]
[2023.02.04-15.03.16:244][  0]LogConfig: Setting CVar [[r.Streaming.MaxEffectiveScreenSize:0]]
[2023.02.04-15.03.16:244][  0]LogConfig: Applying CVar settings from Section [EffectsQuality@3] File [C:/Users/c2178288/Documents/GitHub/Global-Game-Jam/Rooted/Saved/Config/Windows/Scalability.ini]
[2023.02.04-15.03.16:244][  0]LogConfig: Setting CVar [[r.TranslucencyLightingVolumeDim:64]]
[2023.02.04-15.03.16:244][  0]LogConfig: Setting CVar [[r.RefractionQuality:2]]
[2023.02.04-15.03.16:244][  0]LogConfig: Setting CVar [[r.SSR.Quality:3]]
[2023.02.04-15.03.16:244][  0]LogConfig: Setting CVar [[r.SSR.HalfResSceneColor:0]]
[2023.02.04-15.03.16:244][  0]LogConfig: Setting CVar [[r.SceneColorFormat:4]]
[2023.02.04-15.03.16:244][  0]LogConfig: Setting CVar [[r.DetailMode:2]]
[2023.02.04-15.03.16:244][  0]LogConfig: Setting CVar [[r.TranslucencyVolumeBlur:1]]
[2023.02.04-15.03.16:244][  0]LogConfig: Setting CVar [[r.MaterialQualityLevel:1 ; High quality]]
[2023.02.04-15.03.16:244][  0]LogConfig: Setting CVar [[r.AnisotropicMaterials:1]]
[2023.02.04-15.03.16:244][  0]LogConfig: Setting CVar [[r.SSS.Scale:1]]
[2023.02.04-15.03.16:244][  0]LogConfig: Setting CVar [[r.SSS.SampleSet:2]]
[2023.02.04-15.03.16:244][  0]LogConfig: Setting CVar [[r.SSS.Quality:1]]
[2023.02.04-15.03.16:244][  0]LogConfig: Setting CVar [[r.SSS.HalfRes:0]]
[2023.02.04-15.03.16:244][  0]LogConfig: Setting CVar [[r.SSGI.Quality:3]]
[2023.02.04-15.03.16:244][  0]LogConfig: Setting CVar [[r.EmitterSpawnRateScale:1.0]]
[2023.02.04-15.03.16:244][  0]LogConfig: Setting CVar [[r.ParticleLightQuality:2]]
[2023.02.04-15.03.16:244][  0]LogConfig: Setting CVar [[r.SkyAtmosphere.AerialPerspectiveLUT.FastApplyOnOpaque:1 ; Always have FastSkyLUT 1 in this case to avoid wrong sky]]
[2023.02.04-15.03.16:244][  0]LogConfig: Setting CVar [[r.SkyAtmosphere.AerialPerspectiveLUT.SampleCountMaxPerSlice:4]]
[2023.02.04-15.03.16:244][  0]LogConfig: Setting CVar [[r.SkyAtmosphere.AerialPerspectiveLUT.DepthResolution:16.0]]
[2023.02.04-15.03.16:244][  0]LogConfig: Setting CVar [[r.SkyAtmosphere.FastSkyLUT:1]]
[2023.02.04-15.03.16:244][  0]LogConfig: Setting CVar [[r.SkyAtmosphere.FastSkyLUT.SampleCountMin:4.0]]
[2023.02.04-15.03.16:244][  0]LogConfig: Setting CVar [[r.SkyAtmosphere.FastSkyLUT.SampleCountMax:128.0]]
[2023.02.04-15.03.16:244][  0]LogConfig: Setting CVar [[r.SkyAtmosphere.SampleCountMin:4.0]]
[2023.02.04-15.03.16:244][  0]LogConfig: Setting CVar [[r.SkyAtmosphere.SampleCountMax:128.0]]
[2023.02.04-15.03.16:244][  0]LogConfig: Setting CVar [[r.SkyAtmosphere.TransmittanceLUT.UseSmallFormat:0]]
[2023.02.04-15.03.16:244][  0]LogConfig: Setting CVar [[r.SkyAtmosphere.TransmittanceLUT.SampleCount:10.0]]
[2023.02.04-15.03.16:244][  0]LogConfig: Setting CVar [[r.SkyAtmosphere.MultiScatteringLUT.SampleCount:15.0]]
[2023.02.04-15.03.16:244][  0]LogConfig: Setting CVar [[r.SkyLight.RealTimeReflectionCapture:1]]
[2023.02.04-15.03.16:244][  0]LogConfig: Applying CVar settings from Section [FoliageQuality@3] File [C:/Users/c2178288/Documents/GitHub/Global-Game-Jam/Rooted/Saved/Config/Windows/Scalability.ini]
[2023.02.04-15.03.16:244][  0]LogConfig: Setting CVar [[foliage.DensityScale:1.0]]
[2023.02.04-15.03.16:244][  0]LogConfig: Setting CVar [[grass.DensityScale:1.0]]
[2023.02.04-15.03.16:244][  0]LogConfig: Applying CVar settings from Section [ShadingQuality@3] File [C:/Users/c2178288/Documents/GitHub/Global-Game-Jam/Rooted/Saved/Config/Windows/Scalability.ini]
[2023.02.04-15.03.16:244][  0]LogConfig: Setting CVar [[r.HairStrands.SkyLighting.IntegrationType:2]]
[2023.02.04-15.03.16:244][  0]LogConfig: Setting CVar [[r.HairStrands.SkyAO.SampleCount:4]]
[2023.02.04-15.03.16:244][  0]LogConfig: Setting CVar [[r.HairStrands.Visibility.MSAA.SamplePerPixel:4]]
[2023.02.04-15.03.16:244][  0]LogConfig: Applying CVar settings from Section [Startup] File [../../../Engine/Config/ConsoleVariables.ini]
[2023.02.04-15.03.16:244][  0]LogConfig: Setting CVar [[net.UseAdaptiveNetUpdateFrequency:0]]
[2023.02.04-15.03.16:244][  0]LogConfig: Setting CVar [[p.chaos.AllowCreatePhysxBodies:1]]
[2023.02.04-15.03.16:244][  0]LogConfig: Setting CVar [[fx.SkipVectorVMBackendOptimizations:1]]
[2023.02.04-15.03.16:244][  0]LogConfig: Applying CVar settings from Section [ConsoleVariables] File [C:/Users/c2178288/Documents/GitHub/Global-Game-Jam/Rooted/Saved/Config/Windows/Engine.ini]
[2023.02.04-15.03.16:244][  0]LogConfig: Applying CVar settings from Section [ConsoleVariables] File [C:/Users/c2178288/Documents/GitHub/Global-Game-Jam/Rooted/Saved/Config/Windows/Editor.ini]
[2023.02.04-15.03.16:245][  0]LogInit: Computer: TU113600
[2023.02.04-15.03.16:245][  0]LogInit: User: c2178288
[2023.02.04-15.03.16:245][  0]LogInit: CPU Page size=4096, Cores=12
[2023.02.04-15.03.16:245][  0]LogInit: High frequency timer resolution =10.000000 MHz
[2023.02.04-15.03.16:245][  0]LogMemory: Memory total: Physical=63.7GB (64GB approx)
[2023.02.04-15.03.16:245][  0]LogMemory: Platform Memory Stats for Windows
[2023.02.04-15.03.16:245][  0]LogMemory: Process Physical Memory: 147.24 MB used, 147.24 MB peak
[2023.02.04-15.03.16:245][  0]LogMemory: Process Virtual Memory: 130.80 MB used, 130.80 MB peak
[2023.02.04-15.03.16:245][  0]LogMemory: Physical Memory: 19316.85 MB used,  45924.63 MB free, 65241.48 MB total
[2023.02.04-15.03.16:245][  0]LogMemory: Virtual Memory: 134170216.00 MB used,  47511.36 MB free, 134217728.00 MB total
[2023.02.04-15.03.16:249][  0]LogWindows: WindowsPlatformFeatures enabled
[2023.02.04-15.03.16:293][  0]LogInit: Physics initialised using underlying interface: PhysX
[2023.02.04-15.03.16:295][  0]LogInit: Using OS detected language (en-GB).
[2023.02.04-15.03.16:295][  0]LogInit: Using OS detected locale (en-GB).
[2023.02.04-15.03.16:297][  0]LogTextLocalizationManager: No specific localization for 'en-GB' exists, so the 'en' localization will be used.
[2023.02.04-15.03.16:399][  0]LogInit: Setting process to per monitor DPI aware
[2023.02.04-15.03.16:412][  0]LogWindowsTextInputMethodSystem: Display: IME system deactivated.
[2023.02.04-15.03.16:423][  0]LogSlate: New Slate User Created.  User Index 0, Is Virtual User: 0
[2023.02.04-15.03.16:423][  0]LogSlate: Slate User Registered.  User Index 0, Is Virtual User: 0
[2023.02.04-15.03.16:519][  0]LogD3D11RHI: Loaded GFSDK_Aftermath_Lib.x64.dll
[2023.02.04-15.03.16:522][  0]LogHMD: Failed to initialize OpenVR with code 110
[2023.02.04-15.03.16:522][  0]LogD3D11RHI: D3D11 min allowed feature level: 11_0
[2023.02.04-15.03.16:522][  0]LogD3D11RHI: D3D11 max allowed feature level: 11_0
[2023.02.04-15.03.16:522][  0]LogD3D11RHI: D3D11 adapters:
[2023.02.04-15.03.16:608][  0]LogD3D11RHI:    0. 'NVIDIA GeForce RTX 3080' (Feature Level 11_0)
[2023.02.04-15.03.16:608][  0]LogD3D11RHI:       10078/0/32620 MB DedicatedVideo/DedicatedSystem/SharedSystem, Outputs:2, VendorId:0x10de
[2023.02.04-15.03.16:652][  0]LogD3D11RHI:    1. 'Intel(R) UHD Graphics 770' (Feature Level 11_0)
[2023.02.04-15.03.16:652][  0]LogD3D11RHI:       128/0/32620 MB DedicatedVideo/DedicatedSystem/SharedSystem, Outputs:0, VendorId:0x8086
[2023.02.04-15.03.16:654][  0]LogD3D11RHI:    2. 'Microsoft Basic Render Driver' (Feature Level 11_0)
[2023.02.04-15.03.16:654][  0]LogD3D11RHI:       0/0/32620 MB DedicatedVideo/DedicatedSystem/SharedSystem, Outputs:0, VendorId:0x1414
[2023.02.04-15.03.16:654][  0]LogD3D11RHI: Chosen D3D11 Adapter:
[2023.02.04-15.03.16:654][  0]LogD3D11RHI:     Description : NVIDIA GeForce RTX 3080
[2023.02.04-15.03.16:654][  0]LogD3D11RHI:     VendorId    : 10de
[2023.02.04-15.03.16:654][  0]LogD3D11RHI:     DeviceId    : 2216
[2023.02.04-15.03.16:654][  0]LogD3D11RHI:     SubSysId    : 88d7103c
[2023.02.04-15.03.16:654][  0]LogD3D11RHI:     Revision    : 00a1
[2023.02.04-15.03.16:654][  0]LogD3D11RHI:     DedicatedVideoMemory : 10567548928 bytes
[2023.02.04-15.03.16:654][  0]LogD3D11RHI:     DedicatedSystemMemory : 0 bytes
[2023.02.04-15.03.16:654][  0]LogD3D11RHI:     SharedSystemMemory : 34205323264 bytes
[2023.02.04-15.03.16:654][  0]LogD3D11RHI:     AdapterLuid : 0 224592
[2023.02.04-15.03.16:659][  0]LogD3D11RHI: Creating new Direct3DDevice
[2023.02.04-15.03.16:659][  0]LogD3D11RHI:     GPU DeviceId: 0x2216 (for the marketing name, search the web for "GPU Device Id")
[2023.02.04-15.03.16:659][  0]LogWindows: EnumDisplayDevices:
[2023.02.04-15.03.16:659][  0]LogWindows:    0. 'NVIDIA GeForce RTX 3080' (P:0 D:1)
[2023.02.04-15.03.16:659][  0]LogWindows:    1. 'NVIDIA GeForce RTX 3080' (P:1 D:1)
[2023.02.04-15.03.16:659][  0]LogWindows:    2. 'NVIDIA GeForce RTX 3080' (P:0 D:0)
[2023.02.04-15.03.16:660][  0]LogWindows:    3. 'NVIDIA GeForce RTX 3080' (P:0 D:0)
[2023.02.04-15.03.16:660][  0]LogWindows:    4. 'Intel(R) UHD Graphics 770' (P:0 D:0)
[2023.02.04-15.03.16:660][  0]LogWindows:    5. 'Intel(R) UHD Graphics 770' (P:0 D:0)
[2023.02.04-15.03.16:660][  0]LogWindows:    6. 'Intel(R) UHD Graphics 770' (P:0 D:0)
[2023.02.04-15.03.16:660][  0]LogWindows:    7. 'Intel(R) UHD Graphics 770' (P:0 D:0)
[2023.02.04-15.03.16:661][  0]LogWindows: DebugString: PrimaryIsNotTheChoosenAdapter PrimaryIsNotTheChoosenAdapter PrimaryIsNotTheChoosenAdapter PrimaryIsNotTheChoosenAdapter FoundDriverCount:4 
[2023.02.04-15.03.16:661][  0]LogD3D11RHI:     Adapter Name: NVIDIA GeForce RTX 3080
[2023.02.04-15.03.16:661][  0]LogD3D11RHI:   Driver Version: 516.59 (internal:31.0.15.1659, unified:516.59)
[2023.02.04-15.03.16:661][  0]LogD3D11RHI:      Driver Date: 6-23-2022
[2023.02.04-15.03.16:661][  0]LogRHI: Texture pool is 7054 MB (70% of 10078 MB)
[2023.02.04-15.03.16:661][  0]LogD3D11RHI: Creating D3DDevice using adapter:
[2023.02.04-15.03.16:661][  0]LogD3D11RHI:     Description : NVIDIA GeForce RTX 3080
[2023.02.04-15.03.16:661][  0]LogD3D11RHI:     VendorId    : 10de
[2023.02.04-15.03.16:661][  0]LogD3D11RHI:     DeviceId    : 2216
[2023.02.04-15.03.16:661][  0]LogD3D11RHI:     SubSysId    : 88d7103c
[2023.02.04-15.03.16:661][  0]LogD3D11RHI:     Revision    : 00a1
[2023.02.04-15.03.16:661][  0]LogD3D11RHI:     DedicatedVideoMemory : 10567548928 bytes
[2023.02.04-15.03.16:661][  0]LogD3D11RHI:     DedicatedSystemMemory : 0 bytes
[2023.02.04-15.03.16:661][  0]LogD3D11RHI:     SharedSystemMemory : 34205323264 bytes
[2023.02.04-15.03.16:661][  0]LogD3D11RHI:     AdapterLuid : 0 224592
[2023.02.04-15.03.16:708][  0]LogD3D11RHI: RHI has support for 64 bit atomics
[2023.02.04-15.03.16:708][  0]LogD3D11RHI: Async texture creation enabled
[2023.02.04-15.03.16:708][  0]LogD3D11RHI: Array index from any shader is supported
[2023.02.04-15.03.16:720][  0]LogD3D11RHI: GPU Timing Frequency: 1000.000000 (Debug: 2 1)
[2023.02.04-15.03.16:748][  0]LogRHI: GeForceNow SDK initialized: 1
[2023.02.04-15.03.17:158][  0]LogTargetPlatformManager: Display: Loaded TargetPlatform 'AllDesktop'
[2023.02.04-15.03.17:172][  0]LogTargetPlatformManager: Display: Loaded TargetPlatform 'Android'
[2023.02.04-15.03.17:172][  0]LogTargetPlatformManager: Display: Loaded TargetPlatform 'Android_ASTC'
[2023.02.04-15.03.17:172][  0]LogTargetPlatformManager: Display: Loaded TargetPlatform 'Android_DXT'
[2023.02.04-15.03.17:172][  0]LogTargetPlatformManager: Display: Loaded TargetPlatform 'Android_ETC2'
[2023.02.04-15.03.17:172][  0]LogTargetPlatformManager: Display: Loaded TargetPlatform 'AndroidClient'
[2023.02.04-15.03.17:172][  0]LogTargetPlatformManager: Display: Loaded TargetPlatform 'Android_ASTCClient'
[2023.02.04-15.03.17:172][  0]LogTargetPlatformManager: Display: Loaded TargetPlatform 'Android_DXTClient'
[2023.02.04-15.03.17:172][  0]LogTargetPlatformManager: Display: Loaded TargetPlatform 'Android_ETC2Client'
[2023.02.04-15.03.17:172][  0]LogTargetPlatformManager: Display: Loaded TargetPlatform 'Android_Multi'
[2023.02.04-15.03.17:172][  0]LogTargetPlatformManager: Display: Loaded TargetPlatform 'Android_MultiClient'
[2023.02.04-15.03.17:185][  0]LogTargetPlatformManager: Display: Loaded TargetPlatform 'IOSClient'
[2023.02.04-15.03.17:185][  0]LogTargetPlatformManager: Display: Loaded TargetPlatform 'IOS'
[2023.02.04-15.03.17:192][  0]LogTargetPlatformManager: Display: Loaded TargetPlatform 'Linux'
[2023.02.04-15.03.17:195][  0]LogTargetPlatformManager: Display: Loaded TargetPlatform 'LinuxNoEditor'
[2023.02.04-15.03.17:199][  0]LogTargetPlatformManager: Display: Loaded TargetPlatform 'LinuxClient'
[2023.02.04-15.03.17:202][  0]LogTargetPlatformManager: Display: Loaded TargetPlatform 'LinuxServer'
[2023.02.04-15.03.17:208][  0]LogTargetPlatformManager: Display: Loaded TargetPlatform 'LinuxAArch64NoEditor'
[2023.02.04-15.03.17:211][  0]LogTargetPlatformManager: Display: Loaded TargetPlatform 'LinuxAArch64Client'
[2023.02.04-15.03.17:215][  0]LogTargetPlatformManager: Display: Loaded TargetPlatform 'LinuxAArch64Server'
[2023.02.04-15.03.17:229][  0]LogTargetPlatformManager: Display: Loaded TargetPlatform 'Lumin'
[2023.02.04-15.03.17:229][  0]LogTargetPlatformManager: Display: Loaded TargetPlatform 'LuminClient'
[2023.02.04-15.03.17:235][  0]LogTargetPlatformManager: Display: Loaded TargetPlatform 'MacNoEditor'
[2023.02.04-15.03.17:239][  0]LogTargetPlatformManager: Display: Loaded TargetPlatform 'Mac'
[2023.02.04-15.03.17:242][  0]LogTargetPlatformManager: Display: Loaded TargetPlatform 'MacClient'
[2023.02.04-15.03.17:245][  0]LogTargetPlatformManager: Display: Loaded TargetPlatform 'MacServer'
[2023.02.04-15.03.17:251][  0]LogTargetPlatformManager: Display: Loaded TargetPlatform 'TVOSClient'
[2023.02.04-15.03.17:251][  0]LogTargetPlatformManager: Display: Loaded TargetPlatform 'TVOS'
[2023.02.04-15.03.17:257][  0]LogTargetPlatformManager: Display: Loaded TargetPlatform 'WindowsNoEditor'
[2023.02.04-15.03.17:260][  0]LogTargetPlatformManager: Display: Loaded TargetPlatform 'Windows'
[2023.02.04-15.03.17:264][  0]LogTargetPlatformManager: Display: Loaded TargetPlatform 'WindowsClient'
[2023.02.04-15.03.17:267][  0]LogTargetPlatformManager: Display: Loaded TargetPlatform 'WindowsServer'
[2023.02.04-15.03.17:267][  0]LogTargetPlatformManager: Display: Building Assets For Windows
[2023.02.04-15.03.17:274][  0]LogAudioDebug: Display: Lib vorbis DLL was dynamically loaded.
[2023.02.04-15.03.17:304][  0]LogTextureFormatOodle: Display: Oodle Texture 2.9.0 init RDO Off
[2023.02.04-15.03.17:330][  0]LogRendererCore: Ray tracing is disabled. Reason: r.RayTracing=0.
[2023.02.04-15.03.17:330][  0]LogShaderCompilers: Guid format shader working directory is -24 characters bigger than the processId version (../../../../../../Users/c2178288/Documents/GitHub/Global-Game-Jam/Rooted/Intermediate/Shaders/WorkingDirectory/22688/).
[2023.02.04-15.03.17:330][  0]LogShaderCompilers: Cleaned the shader compiler working directory 'C:/Users/c2178288/AppData/Local/Temp/UnrealShaderWorkingDir/B4B95F2A4B3F1F1B121C8189DB020760/'.
[2023.02.04-15.03.17:330][  0]LogXGEController: Cannot use XGE Controller as Incredibuild is not installed on this machine.
[2023.02.04-15.03.17:330][  0]LogShaderCompilers: Cannot use XGE Shader Compiler as Incredibuild is not installed on this machine.
[2023.02.04-15.03.17:330][  0]LogShaderCompilers: Display: Using Local Shader Compiler.
[2023.02.04-15.03.17:831][  0]LogDerivedDataCache: Display: Max Cache Size: 512 MB
[2023.02.04-15.03.17:873][  0]LogDerivedDataCache: Loaded boot cache 0.04s 94MB C:/Users/c2178288/AppData/Local/UnrealEngine/4.27/DerivedDataCache/Boot.ddc.
[2023.02.04-15.03.17:873][  0]LogDerivedDataCache: Display: Loaded Boot cache: C:/Users/c2178288/AppData/Local/UnrealEngine/4.27/DerivedDataCache/Boot.ddc
[2023.02.04-15.03.17:873][  0]LogDerivedDataCache: FDerivedDataBackendGraph:  Pak pak cache file ../../../../../../Users/c2178288/Documents/GitHub/Global-Game-Jam/Rooted/DerivedDataCache/DDC.ddp not found, will not use a pak cache.
[2023.02.04-15.03.17:873][  0]LogDerivedDataCache: Unable to find inner node Pak for hierarchical cache Hierarchy.
[2023.02.04-15.03.17:873][  0]LogDerivedDataCache: FDerivedDataBackendGraph:  CompressedPak pak cache file ../../../../../../Users/c2178288/Documents/GitHub/Global-Game-Jam/Rooted/DerivedDataCache/Compressed.ddp not found, will not use a pak cache.
[2023.02.04-15.03.17:873][  0]LogDerivedDataCache: Unable to find inner node CompressedPak for hierarchical cache Hierarchy.
[2023.02.04-15.03.17:885][  0]LogDerivedDataCache: Display: Pak cache opened for reading ../../../Engine/DerivedDataCache/Compressed.ddp.
[2023.02.04-15.03.17:885][  0]LogDerivedDataCache: FDerivedDataBackendGraph:  EnterprisePak pak cache file ../../../Enterprise/DerivedDataCache/Compressed.ddp not found, will not use a pak cache.
[2023.02.04-15.03.17:885][  0]LogDerivedDataCache: Unable to find inner node EnterprisePak for hierarchical cache Hierarchy.
[2023.02.04-15.03.17:897][  0]LogDerivedDataCache: Speed tests for C:/Users/c2178288/AppData/Local/UnrealEngine/Common/DerivedDataCache took 0.01 seconds
[2023.02.04-15.03.17:897][  0]LogDerivedDataCache: Display: Performance to C:/Users/c2178288/AppData/Local/UnrealEngine/Common/DerivedDataCache: Latency=0.02ms. RandomReadSpeed=1091.57MBs, RandomWriteSpeed=94.98MBs. Assigned SpeedClass 'Local'
[2023.02.04-15.03.17:897][  0]LogDerivedDataCache: Using Local data cache path C:/Users/c2178288/AppData/Local/UnrealEngine/Common/DerivedDataCache: Writable
[2023.02.04-15.03.17:898][  0]LogDerivedDataCache: Shared data cache path not found in *engine.ini, will not use an Shared cache.
[2023.02.04-15.03.17:898][  0]LogDerivedDataCache: Unable to find inner node Shared for hierarchical cache Hierarchy.
[2023.02.04-15.03.17:924][  0]LogSlate: Using FreeType 2.10.0
[2023.02.04-15.03.17:925][  0]LogSlate: SlateFontServices - WITH_FREETYPE: 1, WITH_HARFBUZZ: 1
[2023.02.04-15.03.17:945][  0]LogAssetRegistry: FAssetRegistry took 0.0021 seconds to start up
[2023.02.04-15.03.18:078][  0]LogInit: Selected Device Profile: [Windows]
[2023.02.04-15.03.18:078][  0]LogInit: Active device profile: [0000024E6CE50D00][0000024E6BA24B80 49] Windows
[2023.02.04-15.03.18:078][  0]LogInit: Profiles: [0000024E6CE50D00][0000024E6BA24B80 49] Windows, [0000024E6CE02300][0000024E6BA28CC0 49] WindowsNoEditor, [0000024E6CE51C00][0000024E6BA30E40 49] WindowsServer, [0000024E6CE03100][0000024E6BA34FC0 49] WindowsClient, [0000024E6CE52900][0000024E6BA39140 49] IOS, [0000024E6CE01A00][0000024E6BA3D2C0 49] iPadAir, [0000024E6CE53E00][0000024E6BA41440 49] iPadAir2, [0000024E6CDA5100][0000024E6BA49700 49] IPadPro, [0000024E6CDA5200][0000024E6BA45740 49] iPadAir3, [0000024E6CE00C00][0000024E6BA4D8C0 49] iPadAir4, [0000024E6CDA5E00][0000024E5FBFDA40 49] iPadMini2, [0000024E6CE03300][0000024E5FC01BC0 49] iPadMini3, [0000024E6CDA7900][0000024E5FC041C0 49] iPadMini4, [0000024E6CE01000][0000024E5FC08340 49] iPadMini5, [0000024E6CDDCA00][0000024E5FC10600 49] iPhone6, [0000024E6CDDCB00][0000024E5FC0C640 49] iPodTouch6, [0000024E6CE52D00][0000024E5FC18900 49] iPhone7, [0000024E6CE52E00][0000024E5FC14940 49] iPodTouch7, [0000024E6CDA7E00][0000024E5FC1CAC0 49] iPhone5S, [0000024E6CDA4300][0000024E6BA2CC00 49] iPhone6Plus, [0000024E6CDDFD00][0000024E5FC20D40 49] iPhone6S, [0000024E6CDA7700][0000024E5FC24E80 49] iPhone6SPlus, [0000024E6CDDE600][0000024E5FC28FC0 49] iPhone7Plus, [0000024E6CDA5900][0000024E5FC31140 49] iPhoneSE, [0000024E6CDDCF00][0000024E5FC352C0 49] iPhone8, [0000024E6CDA5400][0000024E6044D440 49] iPhone8Plus, [0000024E6CDDDF00][0000024E604515C0 49] iPhoneX, [0000024E6CE53900][0000024E60455740 49] iPhoneXS, [0000024E6CDDD700][0000024E604598C0 49] iPhoneXSMax, [0000024E6CE51B00][0000024E6045DA40 49] iPhoneXR, [0000024E6CDDFE00][0000024E60461BC0 49] iPhone11, [0000024E6CE50500][0000024E604641C0 49] iPhone11Pro, [0000024E6CDDDC00][0000024E60468340 49] iPhone11ProMax, [0000024E6CE51E00][0000024E6046C4C0 49] iPhoneSE2, [0000024E6CDDF900][0000024E60470640 49] iPhone12Mini, [0000024E6CE50700][0000024E604747C0 49] iPhone12, [0000024E6CDDC200][0000024E60478940 49] iPhone12Pro, [0000024E6CE52100][0000024E6047CAC0 49] iPhone12ProMax, [0000024E6CDDE000][0000024E60480C40 49] iPadPro105, [0000024E6CE51400][0000024E5FC2CD80 49] iPadPro129, [0000024E6CDDC700][0000024E60484EC0 49] iPadPro97, [0000024E6CE50100][0000024E60489000 49] iPadPro2_129, [0000024E6CDDF100][0000024E6048D140 49] iPad5, [0000024E6CE52300][0000024E5F7D32C0 49] iPad6, [0000024E6CDDD100][0000024E5F7D7440 49] iPad7, [0000024E6CE53500][0000024E5F7DB5C0 49] iPad8, [0000024E6CDDC400][0000024E5F7DF740 49] iPadPro11, [0000024E6CE50B00][0000024E5F7E38C0 49] iPadPro2_11, [0000024E6CDDE100][0000024E5F7E7A40 49] iPadPro3_129, [0000024E6CE52A00][0000024E5F7EBBC0 49] iPadPro4_129, [0000024E6CDDC300][0000024E5F7EE1C0 49] AppleTV, [0000024E6CE51A00][0000024E5F7F2340 49] AppleTV4K, [0000024E6CDDD300][0000024E5F7F64C0 49] TVOS, [0000024E6CE50600][0000024E5F7FA640 49] Mac, [0000024E6CDDF400][0000024E5F7FE7C0 49] MacClient, [0000024E6CE51800][0000024E5F802940 49] MacNoEditor, [0000024E6CDDD900][0000024E5F806AC0 49] MacServer, [0000024E6CE53000][0000024E5F80AC40 49] Linux, [0000024E6CDDC500][0000024E5F80EDC0 49] LinuxAArch64, [0000024E6CE53C00][0000024E5F812F40 49] LinuxNoEditor, [0000024E6CDDE300][0000024E60491080 49] LinuxAArch64NoEditor, [0000024E6CE51500][0000024E5F8171C0 49] LinuxClient, [0000024E6CDDE800][0000024E5F81B300 49] LinuxAArch64Client, [0000024E6CE50F00][0000024E603E1480 49] LinuxServer, [0000024E6CDDE400][0000024E603E5600 49] LinuxAArch64Server, [0000024E6CE51000][0000024E603E9780 49] Android, [0000024E6CDDF300][0000024E603ED900 49] Android_Low, [0000024E6CE52500][0000024E603F1A80 49] Android_Mid, [0000024E6CDDD400][0000024E603F5C00 49] Android_High, [0000024E6CE51200][0000024E603F8200 49] Android_Default, [0000024E6CDDC800][0000024E603FC380 49] Android_Adreno4xx, [0000024E6CE50800][0000024E60400500 49] Android_Adreno5xx_Low, [0000024E6CDA6B00][0000024E60404680 49] Android_Adreno5xx, [0000024E6CE00400][0000024E60408800 49] Android_Adreno6xx, [0000024E6CDA6900][0000024E6040C980 49] Android_Adreno6xx_Vulkan, [0000024E6CE02C00][0000024E60410B00 49] Android_Mali_T6xx, [0000024E6CDA7100][0000024E60414C80 49] Android_Mali_T7xx, [0000024E6CE03900][0000024E60418E00 49] Android_Mali_T8xx, [0000024E6CDA5300][0000024E6041CF80 49] Android_Mali_G71, [0000024E6CE02900][0000024E60421100 49] Android_Mali_G72, [0000024E6CDA5000][0000024E603DD240 49] Android_Mali_G72_Vulkan, [0000024E6CE02500][0000024E60425380 49] Android_Mali_G76, [0000024E6CDA6100][0000024E604294C0 49] Android_Mali_G76_Vulkan, [0000024E6CE01B00][0000024E60431640 49] Android_Mali_G77, [0000024E6CDA7B00][0000024E604357C0 49] Android_Mali_G77_Vulkan, [0000024E6CE02F00][0000024E60439940 49] Android_Mali_G78, [0000024E6CDA7500][0000024E6043DAC0 49] Android_Mali_G78_Vulkan, [0000024E6CE02800][0000024E604400C0 49] Android_Mali_G710, [0000024E6CDA7D00][0000024E60444240 49] Android_Mali_G710_Vulkan, [0000024E6CE01100][0000024E6C2803C0 49] Android_Vulkan_SM5, [0000024E6CDA6700][0000024E6C288540 49] Android_PowerVR_G6xxx, [0000024E6CE00100][0000024E6C2906C0 49] Android_PowerVR_GT7xxx, [0000024E6CDA7300][0000024E6C2AC840 49] Android_PowerVR_GE8xxx, [0000024E6CE02200][0000024E6C2CC9C0 49] Android_PowerVR_GM9xxx, [0000024E6CDA6A00][0000024E6C2D0B40 49] Android_PowerVR_GM9xxx_Vulkan, [0000024E6CE01F00][0000024E6C2D4CC0 49] Android_TegraK1, [0000024E6CDA4A00][0000024E6C2D8E40 49] Android_Unknown_Vulkan, [0000024E6CE03600][0000024E6C318FC0 49] Lumin, [0000024E6CDA5F00][0000024E6C31D140 49] Lumin_Desktop, [0000024E6CDDEA00][0000024E6C36D2C0 49] HoloLens, 
[2023.02.04-15.03.18:161][  0]LogMeshReduction: Using QuadricMeshReduction for automatic static mesh reduction
[2023.02.04-15.03.18:161][  0]LogMeshReduction: Using SimplygonMeshReduction for automatic skeletal mesh reduction
[2023.02.04-15.03.18:161][  0]LogMeshReduction: Using ProxyLODMeshReduction for automatic mesh merging
[2023.02.04-15.03.18:161][  0]LogMeshReduction: No distributed automatic mesh merging module available
[2023.02.04-15.03.18:161][  0]LogMeshMerging: No distributed automatic mesh merging module available
[2023.02.04-15.03.18:175][  0]LogNetVersion: Rooted 1.0.0, NetCL: 17155196, EngineNetVer: 17, GameNetVer: 0 (Checksum: 2812104250)
[2023.02.04-15.03.18:433][  0]LogTexture: Default maximum texture size for cubemaps generated from long-lat sources has been changed from 512 to unlimited. In order to preserve old behaiour for '/Engine/MapTemplates/Sky/DaylightAmbientCubemap.DaylightAmbientCubemap', its maximum texture size has been explicitly set to 512.
[2023.02.04-15.03.18:472][  0]LogHMD: PokeAHoleMaterial loaded successfully
[2023.02.04-15.03.18:476][  0]LogUObjectArray: 17178 objects as part of root set at end of initial load.
[2023.02.04-15.03.18:476][  0]LogUObjectAllocator: 4302048 out of 0 bytes used by permanent object pool.
[2023.02.04-15.03.18:476][  0]LogUObjectArray: CloseDisregardForGC: 0/0 objects in disregard for GC pool
[2023.02.04-15.03.18:673][  0]LogPython: Using Python 3.7.7
[2023.02.04-15.03.18:955][  0]LogTcpMessaging: Initializing TcpMessaging bridge
[2023.02.04-15.03.18:961][  0]LogUdpMessaging: Initializing bridge on interface 0.0.0.0:0 to multicast group 230.0.0.1:6666.
[2023.02.04-15.03.19:046][  0]LogNiagaraDebuggerClient: Niagara Debugger Client Initialized | Session: 03C0BA234E6109814D698E98F41A6A0A | Instance: 1EE7F5E8495F26FA6CAB1E8326F0EB9E (TU113600-22688).
[2023.02.04-15.03.19:157][  0]SourceControl: Source control is disabled
[2023.02.04-15.03.19:157][  0]SourceControl: Source control is disabled
[2023.02.04-15.03.19:160][  0]SourceControl: Source control is disabled
[2023.02.04-15.03.19:168][  0]SourceControl: Source control is disabled
[2023.02.04-15.03.19:170][  0]SourceControl: Source control is disabled
[2023.02.04-15.03.19:179][  0]LogUProjectInfo: Found projects:
[2023.02.04-15.03.19:369][  0]LogOpenImageDenoise: OIDN starting up
[2023.02.04-15.03.19:414][  0]LogAndroidPermission: UAndroidPermissionCallbackProxy::GetInstance
[2023.02.04-15.03.19:428][  0]LogAudioCaptureCore: Display: No Audio Capture implementations found. Audio input will be silent.
[2023.02.04-15.03.19:428][  0]LogAudioCaptureCore: Display: No Audio Capture implementations found. Audio input will be silent.
[2023.02.04-15.03.19:535][  0]LogCollectionManager: Loaded 0 collections in 0.001220 seconds
[2023.02.04-15.03.19:552][  0]LogFileCache: Scanning file cache for directory 'C:/Users/c2178288/Documents/GitHub/Global-Game-Jam/Rooted/Saved/Collections/' took 0.00s
[2023.02.04-15.03.19:552][  0]LogFileCache: Scanning file cache for directory 'C:/Users/c2178288/Documents/GitHub/Global-Game-Jam/Rooted/Content/Developers/c2178288/Collections/' took 0.00s
[2023.02.04-15.03.19:552][  0]LogFileCache: Scanning file cache for directory 'C:/Users/c2178288/Documents/GitHub/Global-Game-Jam/Rooted/Content/Collections/' took 0.00s
[2023.02.04-15.03.19:552][  0]LogOcInput: OculusInput pre-init called
[2023.02.04-15.03.19:712][  0]LogClass: Display: EnumProperty FMultiUserClientConfig::ValidationMode is not initialized properly. Module:MultiUserClientLibrary File:Public/MultiUserClientStatics.h
[2023.02.04-15.03.19:712][  0]LogClass: Display: StructProperty FMultiUserClientInfo::AvatarColor is not initialized properly. Module:MultiUserClientLibrary File:Public/MultiUserClientStatics.h
[2023.02.04-15.03.19:712][  0]LogClass: Display: 2 Uninitialized script struct members found including 0 object properties
[2023.02.04-15.03.19:712][  0]LogEngine: Initializing Engine...
[2023.02.04-15.03.19:715][  0]LogHMD: Failed to enumerate extensions. Please check that you have a valid OpenXR runtime installed.
[2023.02.04-15.03.19:715][  0]LogHMD: Failed to initialize OpenVR with code 110
[2023.02.04-15.03.19:715][  0]LogMagicLeap: Warning: VR disabled because ZI is not enabled.  To enable, in the editor, Edit -> Project Settings -> Plugins -> Magic Leap Plugin -> Enable Zero Iteration
[2023.02.04-15.03.19:715][  0]LogStats: UGameplayTagsManager::InitializeManager -  0.000 s
[2023.02.04-15.03.19:791][  0]LogInit: Initializing FReadOnlyCVARCache
[2023.02.04-15.03.19:797][  0]LogAIModule: Creating AISystem for world Untitled
[2023.02.04-15.03.19:804][  0]LogAudio: Display: Initializing Audio Device Manager...
[2023.02.04-15.03.19:807][  0]LogAudio: Display: Loading Default Audio Settings Objects...
[2023.02.04-15.03.19:807][  0]LogAudio: Display: No default SoundConcurrencyObject specified (or failed to load).
[2023.02.04-15.03.19:808][  0]LogAudio: Display: Audio Device Manager Initialized
[2023.02.04-15.03.19:808][  0]LogAudio: Display: Creating Audio Device:                 Id: 1, Scope: Shared, Realtime: True
[2023.02.04-15.03.19:808][  0]LogAudioMixer: Display: Audio Mixer Platform Settings:
[2023.02.04-15.03.19:808][  0]LogAudioMixer: Display: 	Sample Rate:						  48000
[2023.02.04-15.03.19:808][  0]LogAudioMixer: Display: 	Callback Buffer Frame Size Requested: 1024
[2023.02.04-15.03.19:808][  0]LogAudioMixer: Display: 	Callback Buffer Frame Size To Use:	  1024
[2023.02.04-15.03.19:808][  0]LogAudioMixer: Display: 	Number of buffers to queue:			  2
[2023.02.04-15.03.19:808][  0]LogAudioMixer: Display: 	Max Channels (voices):				  32
[2023.02.04-15.03.19:808][  0]LogAudioMixer: Display: 	Number of Async Source Workers:		  0
[2023.02.04-15.03.19:808][  0]LogAudio: Display: AudioDevice MaxSources: 32
[2023.02.04-15.03.19:808][  0]LogAudio: Display: Audio Spatialization Plugin: None (built-in).
[2023.02.04-15.03.19:808][  0]LogAudio: Display: Audio Reverb Plugin: None (built-in).
[2023.02.04-15.03.19:808][  0]LogAudio: Display: Audio Occlusion Plugin: None (built-in).
[2023.02.04-15.03.19:808][  0]LogAudioMixer: Display: Initializing audio mixer.
[2023.02.04-15.03.19:818][  0]LogAudioMixer: Display: 0: FrontLeft
[2023.02.04-15.03.19:818][  0]LogAudioMixer: Display: 1: FrontRight
[2023.02.04-15.03.19:849][  0]LogAudioMixer: Display: Using Audio Device Speakers (Realtek(R) Audio)
[2023.02.04-15.03.19:850][  0]LogAudioMixer: Display: Initializing Sound Submixes...
[2023.02.04-15.03.19:851][  0]LogAudioMixer: Display: Creating Master Submix 'MasterSubmixDefault'
[2023.02.04-15.03.19:852][  0]LogAudioMixer: Display: Creating Master Submix 'MasterReverbSubmixDefault'
[2023.02.04-15.03.19:852][  0]LogAudioMixer: Display: Creating Master Submix 'MasterEQSubmixDefault'
[2023.02.04-15.03.19:852][  0]LogAudioMixer: FMixerPlatformXAudio2::StartAudioStream() called
[2023.02.04-15.03.19:852][  0]LogAudioMixer: Display: Output buffers initialized: Frames=1024, Channels=2, Samples=2048
[2023.02.04-15.03.19:853][  0]LogAudioMixer: Display: Starting AudioMixerPlatformInterface::RunInternal()
[2023.02.04-15.03.19:853][  0]LogAudioMixer: Display: FMixerPlatformXAudio2::SubmitBuffer() called for the first time
[2023.02.04-15.03.19:853][  0]LogInit: FAudioDevice initialized.
[2023.02.04-15.03.19:853][  0]LogAudio: Display: Audio Device (ID: 1) registered with world 'Untitled'.
[2023.02.04-15.03.19:853][  0]LogNetVersion: Set ProjectVersion to 1.0.0.0. Version Checksum will be recalculated on next use.
[2023.02.04-15.03.19:895][  0]LogDerivedDataCache: Saved boot cache 0.04s 94MB C:/Users/c2178288/AppData/Local/UnrealEngine/4.27/DerivedDataCache/Boot.ddc.
[2023.02.04-15.03.19:895][  0]LogInit: Texture streaming: Enabled
[2023.02.04-15.03.19:905][  0]LogAnalytics: Display: [UEEditor.Rocket.Release] APIServer = https://datarouter.ol.epicgames.com/. AppVersion = 4.27.2-18319896+++UE4+Release-4.27
[2023.02.04-15.03.19:909][  0]LogEngineSessionManager: EngineSessionManager initialized
[2023.02.04-15.03.19:909][  0]LogEditorSessionSummary: Verbose: Initializing EditorSessionSummaryWriter for editor session tracking
[2023.02.04-15.03.19:912][  0]LogEditorSessionSummary: EditorSessionSummaryWriter initialized
[2023.02.04-15.03.19:931][  0]LogInit: Transaction tracking system initialized
[2023.02.04-15.03.19:949][  0]BlueprintLog: New page: Editor Load
[2023.02.04-15.03.19:992][  0]LocalizationService: Localization service is disabled
[2023.02.04-15.03.20:011][  0]TimingProfiler: Initialize
[2023.02.04-15.03.20:011][  0]TimingProfiler: OnSessionChanged
[2023.02.04-15.03.20:011][  0]LoadingProfiler: Initialize
[2023.02.04-15.03.20:011][  0]LoadingProfiler: OnSessionChanged
[2023.02.04-15.03.20:011][  0]NetworkingProfiler: Initialize
[2023.02.04-15.03.20:011][  0]NetworkingProfiler: OnSessionChanged
[2023.02.04-15.03.20:011][  0]MemoryProfiler: Initialize
[2023.02.04-15.03.20:011][  0]MemoryProfiler: OnSessionChanged
[2023.02.04-15.03.20:131][  0]LogCook: Display: CookSettings for Memory: MemoryMaxUsedVirtual 0MiB, MemoryMaxUsedPhysical 16384MiB, MemoryMinFreeVirtual 0MiB, MemoryMinFreePhysical 1024MiB
[2023.02.04-15.03.20:131][  0]LogCook: Display: Mobile HDR setting 1
[2023.02.04-15.03.20:277][  0]LogFileCache: Scanning file cache for directory 'C:/Users/c2178288/Documents/GitHub/Global-Game-Jam/Rooted/Content/' took 0.01s
[2023.02.04-15.03.20:392][  0]LogInit: Display: Engine is initialized. Leaving FEngineLoop::Init()
[2023.02.04-15.03.20:395][  0]SourceControl: Source control is disabled
[2023.02.04-15.03.20:395][  0]LogUnrealEdMisc: Loading editor; pre map load, took 5.320
[2023.02.04-15.03.20:395][  0]Cmd: MAP LOAD FILE="../../../../../../Users/c2178288/Documents/GitHub/Global-Game-Jam/Rooted/Content/ThirdPersonBP/Maps/ThirdPersonExampleMap.umap" TEMPLATE=0 SHOWPROGRESS=1 FEATURELEVEL=3
[2023.02.04-15.03.20:396][  0]LightingResults: New page: Lighting Build
[2023.02.04-15.03.20:397][  0]LogWorld: UWorld::CleanupWorld for Untitled, bSessionEnded=true, bCleanupResources=true
[2023.02.04-15.03.20:397][  0]LogSlate: InvalidateAllWidgets triggered.  All widgets were invalidated
[2023.02.04-15.03.20:397][  0]MapCheck: New page: Map Check
[2023.02.04-15.03.20:397][  0]LightingResults: New page: Lighting Build
[2023.02.04-15.03.20:399][  0]LogAudio: Display: Audio Device unregistered from world 'None'.
[2023.02.04-15.03.20:401][  0]LogUObjectHash: Compacting FUObjectHashTables data took   0.48ms
[2023.02.04-15.03.20:567][  0]LogAudio: Display: Audio Device (ID: 1) registered with world 'ThirdPersonExampleMap'.
[2023.02.04-15.03.20:567][  0]LogAIModule: Creating AISystem for world ThirdPersonExampleMap
[2023.02.04-15.03.20:572][  0]LogEditorServer: Finished looking for orphan Actors (0.000 secs)
[2023.02.04-15.03.20:578][  0]LogUObjectHash: Compacting FUObjectHashTables data took   0.51ms
[2023.02.04-15.03.20:578][  0]Cmd: MAP CHECKDEP NOCLEARLOG
[2023.02.04-15.03.20:579][  0]MapCheck: Map check complete: 0 Error(s), 0 Warning(s), took 0.113ms to complete.
[2023.02.04-15.03.20:579][  0]LogFileHelpers: Loading map 'ThirdPersonExampleMap' took 0.183
[2023.02.04-15.03.20:580][  0]LogUnrealEdMisc: Total Editor Startup Time, took 5.505
[2023.02.04-15.03.20:710][  0]LogSlate: Updating window title bar state: overlay mode, drag disabled, window buttons hidden, title bar hidden
[2023.02.04-15.03.20:713][  0]LogSlate: Updating window title bar state: overlay mode, drag disabled, window buttons hidden, title bar hidden
[2023.02.04-15.03.20:716][  0]LogSlate: Updating window title bar state: overlay mode, drag disabled, window buttons hidden, title bar hidden
[2023.02.04-15.03.20:719][  0]LogSlate: Updating window title bar state: overlay mode, drag disabled, window buttons hidden, title bar hidden
[2023.02.04-15.03.20:728][  0]LogNativeClassHierarchy: Verbose: Native class hierarchy populated in 0.0056 seconds. Added 3834 classes and 949 folders.
[2023.02.04-15.03.20:731][  0]LogNativeClassHierarchy: Verbose: Native class hierarchy updated for 'WidgetCarousel' in 0.0001 seconds. Added 0 classes and 0 folders.
[2023.02.04-15.03.20:731][  0]LogPakFile: PakFile PrimaryIndexSize=187
[2023.02.04-15.03.20:731][  0]LogPakFile: PakFile PathHashIndexSize=101
[2023.02.04-15.03.20:731][  0]LogPakFile: PakFile FullDirectoryIndexSize=148
[2023.02.04-15.03.20:731][  0]LogShaderLibrary: Display: ShaderCodeLibraryPakFileMountedCallback: PakFile 'C:/Program Files/Epic Games/UE_4.27/FeaturePacks/FP_FirstPerson.upack' (chunk index -1, root 'root:/') mounted
[2023.02.04-15.03.20:731][  0]LogShaderLibrary: Display: ShaderCodeLibraryPakFileMountedCallback: pending pak file info (ChunkID:-1 Root:root:/ File:C:/Program Files/Epic Games/UE_4.27/FeaturePacks/FP_FirstPerson.upack)
[2023.02.04-15.03.20:731][  0]LogPakFile: OnPakFileMounted2Time == 0.000033
[2023.02.04-15.03.20:732][  0]LogPakFile: PakFile PrimaryIndexSize=189
[2023.02.04-15.03.20:732][  0]LogPakFile: PakFile PathHashIndexSize=101
[2023.02.04-15.03.20:732][  0]LogPakFile: PakFile FullDirectoryIndexSize=152
[2023.02.04-15.03.20:732][  0]LogShaderLibrary: Display: ShaderCodeLibraryPakFileMountedCallback: PakFile 'C:/Program Files/Epic Games/UE_4.27/FeaturePacks/FP_FirstPersonBP.upack' (chunk index -1, root 'root:/') mounted
[2023.02.04-15.03.20:732][  0]LogShaderLibrary: Display: ShaderCodeLibraryPakFileMountedCallback: pending pak file info (ChunkID:-1 Root:root:/ File:C:/Program Files/Epic Games/UE_4.27/FeaturePacks/FP_FirstPersonBP.upack)
[2023.02.04-15.03.20:732][  0]LogPakFile: OnPakFileMounted2Time == 0.000023
[2023.02.04-15.03.20:732][  0]LogPakFile: PakFile PrimaryIndexSize=191
[2023.02.04-15.03.20:732][  0]LogPakFile: PakFile PathHashIndexSize=101
[2023.02.04-15.03.20:732][  0]LogPakFile: PakFile FullDirectoryIndexSize=160
[2023.02.04-15.03.20:732][  0]LogShaderLibrary: Display: ShaderCodeLibraryPakFileMountedCallback: PakFile 'C:/Program Files/Epic Games/UE_4.27/FeaturePacks/MobileStarterContent.upack' (chunk index -1, root 'root:/') mounted
[2023.02.04-15.03.20:732][  0]LogShaderLibrary: Display: ShaderCodeLibraryPakFileMountedCallback: pending pak file info (ChunkID:-1 Root:root:/ File:C:/Program Files/Epic Games/UE_4.27/FeaturePacks/MobileStarterContent.upack)
[2023.02.04-15.03.20:732][  0]LogPakFile: OnPakFileMounted2Time == 0.000019
[2023.02.04-15.03.20:733][  0]LogPakFile: PakFile PrimaryIndexSize=185
[2023.02.04-15.03.20:733][  0]LogPakFile: PakFile PathHashIndexSize=101
[2023.02.04-15.03.20:733][  0]LogPakFile: PakFile FullDirectoryIndexSize=148
[2023.02.04-15.03.20:733][  0]LogShaderLibrary: Display: ShaderCodeLibraryPakFileMountedCallback: PakFile 'C:/Program Files/Epic Games/UE_4.27/FeaturePacks/StarterContent.upack' (chunk index -1, root 'root:/') mounted
[2023.02.04-15.03.20:733][  0]LogShaderLibrary: Display: ShaderCodeLibraryPakFileMountedCallback: pending pak file info (ChunkID:-1 Root:root:/ File:C:/Program Files/Epic Games/UE_4.27/FeaturePacks/StarterContent.upack)
[2023.02.04-15.03.20:733][  0]LogPakFile: OnPakFileMounted2Time == 0.000020
[2023.02.04-15.03.20:733][  0]LogPakFile: PakFile PrimaryIndexSize=190
[2023.02.04-15.03.20:733][  0]LogPakFile: PakFile PathHashIndexSize=101
[2023.02.04-15.03.20:733][  0]LogPakFile: PakFile FullDirectoryIndexSize=154
[2023.02.04-15.03.20:733][  0]LogShaderLibrary: Display: ShaderCodeLibraryPakFileMountedCallback: PakFile 'C:/Program Files/Epic Games/UE_4.27/FeaturePacks/TP_2DSideScroller.upack' (chunk index -1, root 'root:/') mounted
[2023.02.04-15.03.20:733][  0]LogShaderLibrary: Display: ShaderCodeLibraryPakFileMountedCallback: pending pak file info (ChunkID:-1 Root:root:/ File:C:/Program Files/Epic Games/UE_4.27/FeaturePacks/TP_2DSideScroller.upack)
[2023.02.04-15.03.20:733][  0]LogPakFile: OnPakFileMounted2Time == 0.000019
[2023.02.04-15.03.20:733][  0]LogPakFile: PakFile PrimaryIndexSize=192
[2023.02.04-15.03.20:734][  0]LogPakFile: PakFile PathHashIndexSize=101
[2023.02.04-15.03.20:734][  0]LogPakFile: PakFile FullDirectoryIndexSize=158
[2023.02.04-15.03.20:734][  0]LogShaderLibrary: Display: ShaderCodeLibraryPakFileMountedCallback: PakFile 'C:/Program Files/Epic Games/UE_4.27/FeaturePacks/TP_2DSideScrollerBP.upack' (chunk index -1, root 'root:/') mounted
[2023.02.04-15.03.20:734][  0]LogShaderLibrary: Display: ShaderCodeLibraryPakFileMountedCallback: pending pak file info (ChunkID:-1 Root:root:/ File:C:/Program Files/Epic Games/UE_4.27/FeaturePacks/TP_2DSideScrollerBP.upack)
[2023.02.04-15.03.20:734][  0]LogPakFile: OnPakFileMounted2Time == 0.000043
[2023.02.04-15.03.20:734][  0]LogPakFile: PakFile PrimaryIndexSize=182
[2023.02.04-15.03.20:734][  0]LogPakFile: PakFile PathHashIndexSize=101
[2023.02.04-15.03.20:734][  0]LogPakFile: PakFile FullDirectoryIndexSize=138
[2023.02.04-15.03.20:734][  0]LogShaderLibrary: Display: ShaderCodeLibraryPakFileMountedCallback: PakFile 'C:/Program Files/Epic Games/UE_4.27/FeaturePacks/TP_Flying.upack' (chunk index -1, root 'root:/') mounted
[2023.02.04-15.03.20:734][  0]LogShaderLibrary: Display: ShaderCodeLibraryPakFileMountedCallback: pending pak file info (ChunkID:-1 Root:root:/ File:C:/Program Files/Epic Games/UE_4.27/FeaturePacks/TP_Flying.upack)
[2023.02.04-15.03.20:734][  0]LogPakFile: OnPakFileMounted2Time == 0.000019
[2023.02.04-15.03.20:734][  0]LogPakFile: PakFile PrimaryIndexSize=184
[2023.02.04-15.03.20:734][  0]LogPakFile: PakFile PathHashIndexSize=101
[2023.02.04-15.03.20:734][  0]LogPakFile: PakFile FullDirectoryIndexSize=142
[2023.02.04-15.03.20:734][  0]LogShaderLibrary: Display: ShaderCodeLibraryPakFileMountedCallback: PakFile 'C:/Program Files/Epic Games/UE_4.27/FeaturePacks/TP_FlyingBP.upack' (chunk index -1, root 'root:/') mounted
[2023.02.04-15.03.20:734][  0]LogShaderLibrary: Display: ShaderCodeLibraryPakFileMountedCallback: pending pak file info (ChunkID:-1 Root:root:/ File:C:/Program Files/Epic Games/UE_4.27/FeaturePacks/TP_FlyingBP.upack)
[2023.02.04-15.03.20:734][  0]LogPakFile: OnPakFileMounted2Time == 0.000018
[2023.02.04-15.03.20:735][  0]LogPakFile: PakFile PrimaryIndexSize=188
[2023.02.04-15.03.20:735][  0]LogPakFile: PakFile PathHashIndexSize=101
[2023.02.04-15.03.20:735][  0]LogPakFile: PakFile FullDirectoryIndexSize=150
[2023.02.04-15.03.20:735][  0]LogShaderLibrary: Display: ShaderCodeLibraryPakFileMountedCallback: PakFile 'C:/Program Files/Epic Games/UE_4.27/FeaturePacks/TP_HandheldARBP.upack' (chunk index -1, root 'root:/') mounted
[2023.02.04-15.03.20:735][  0]LogShaderLibrary: Display: ShaderCodeLibraryPakFileMountedCallback: pending pak file info (ChunkID:-1 Root:root:/ File:C:/Program Files/Epic Games/UE_4.27/FeaturePacks/TP_HandheldARBP.upack)
[2023.02.04-15.03.20:735][  0]LogPakFile: OnPakFileMounted2Time == 0.000018
[2023.02.04-15.03.20:735][  0]LogPakFile: PakFile PrimaryIndexSize=182
[2023.02.04-15.03.20:735][  0]LogPakFile: PakFile PathHashIndexSize=101
[2023.02.04-15.03.20:735][  0]LogPakFile: PakFile FullDirectoryIndexSize=138
[2023.02.04-15.03.20:735][  0]LogShaderLibrary: Display: ShaderCodeLibraryPakFileMountedCallback: PakFile 'C:/Program Files/Epic Games/UE_4.27/FeaturePacks/TP_Puzzle.upack' (chunk index -1, root 'root:/') mounted
[2023.02.04-15.03.20:735][  0]LogShaderLibrary: Display: ShaderCodeLibraryPakFileMountedCallback: pending pak file info (ChunkID:-1 Root:root:/ File:C:/Program Files/Epic Games/UE_4.27/FeaturePacks/TP_Puzzle.upack)
[2023.02.04-15.03.20:735][  0]LogPakFile: OnPakFileMounted2Time == 0.000019
[2023.02.04-15.03.20:736][  0]LogPakFile: PakFile PrimaryIndexSize=184
[2023.02.04-15.03.20:736][  0]LogPakFile: PakFile PathHashIndexSize=101
[2023.02.04-15.03.20:736][  0]LogPakFile: PakFile FullDirectoryIndexSize=142
[2023.02.04-15.03.20:736][  0]LogShaderLibrary: Display: ShaderCodeLibraryPakFileMountedCallback: PakFile 'C:/Program Files/Epic Games/UE_4.27/FeaturePacks/TP_PuzzleBP.upack' (chunk index -1, root 'root:/') mounted
[2023.02.04-15.03.20:736][  0]LogShaderLibrary: Display: ShaderCodeLibraryPakFileMountedCallback: pending pak file info (ChunkID:-1 Root:root:/ File:C:/Program Files/Epic Games/UE_4.27/FeaturePacks/TP_PuzzleBP.upack)
[2023.02.04-15.03.20:736][  0]LogPakFile: OnPakFileMounted2Time == 0.000018
[2023.02.04-15.03.20:736][  0]LogPakFile: PakFile PrimaryIndexSize=183
[2023.02.04-15.03.20:736][  0]LogPakFile: PakFile PathHashIndexSize=101
[2023.02.04-15.03.20:736][  0]LogPakFile: PakFile FullDirectoryIndexSize=140
[2023.02.04-15.03.20:736][  0]LogShaderLibrary: Display: ShaderCodeLibraryPakFileMountedCallback: PakFile 'C:/Program Files/Epic Games/UE_4.27/FeaturePacks/TP_Rolling.upack' (chunk index -1, root 'root:/') mounted
[2023.02.04-15.03.20:736][  0]LogShaderLibrary: Display: ShaderCodeLibraryPakFileMountedCallback: pending pak file info (ChunkID:-1 Root:root:/ File:C:/Program Files/Epic Games/UE_4.27/FeaturePacks/TP_Rolling.upack)
[2023.02.04-15.03.20:736][  0]LogPakFile: OnPakFileMounted2Time == 0.000021
[2023.02.04-15.03.20:736][  0]LogPakFile: PakFile PrimaryIndexSize=185
[2023.02.04-15.03.20:736][  0]LogPakFile: PakFile PathHashIndexSize=101
[2023.02.04-15.03.20:736][  0]LogPakFile: PakFile FullDirectoryIndexSize=144
[2023.02.04-15.03.20:736][  0]LogShaderLibrary: Display: ShaderCodeLibraryPakFileMountedCallback: PakFile 'C:/Program Files/Epic Games/UE_4.27/FeaturePacks/TP_RollingBP.upack' (chunk index -1, root 'root:/') mounted
[2023.02.04-15.03.20:736][  0]LogShaderLibrary: Display: ShaderCodeLibraryPakFileMountedCallback: pending pak file info (ChunkID:-1 Root:root:/ File:C:/Program Files/Epic Games/UE_4.27/FeaturePacks/TP_RollingBP.upack)
[2023.02.04-15.03.20:736][  0]LogPakFile: OnPakFileMounted2Time == 0.000018
[2023.02.04-15.03.20:737][  0]LogPakFile: PakFile PrimaryIndexSize=188
[2023.02.04-15.03.20:737][  0]LogPakFile: PakFile PathHashIndexSize=101
[2023.02.04-15.03.20:737][  0]LogPakFile: PakFile FullDirectoryIndexSize=150
[2023.02.04-15.03.20:737][  0]LogShaderLibrary: Display: ShaderCodeLibraryPakFileMountedCallback: PakFile 'C:/Program Files/Epic Games/UE_4.27/FeaturePacks/TP_SideScroller.upack' (chunk index -1, root 'root:/') mounted
[2023.02.04-15.03.20:737][  0]LogShaderLibrary: Display: ShaderCodeLibraryPakFileMountedCallback: pending pak file info (ChunkID:-1 Root:root:/ File:C:/Program Files/Epic Games/UE_4.27/FeaturePacks/TP_SideScroller.upack)
[2023.02.04-15.03.20:737][  0]LogPakFile: OnPakFileMounted2Time == 0.000019
[2023.02.04-15.03.20:737][  0]LogPakFile: PakFile PrimaryIndexSize=190
[2023.02.04-15.03.20:737][  0]LogPakFile: PakFile PathHashIndexSize=101
[2023.02.04-15.03.20:737][  0]LogPakFile: PakFile FullDirectoryIndexSize=154
[2023.02.04-15.03.20:737][  0]LogShaderLibrary: Display: ShaderCodeLibraryPakFileMountedCallback: PakFile 'C:/Program Files/Epic Games/UE_4.27/FeaturePacks/TP_SideScrollerBP.upack' (chunk index -1, root 'root:/') mounted
[2023.02.04-15.03.20:737][  0]LogShaderLibrary: Display: ShaderCodeLibraryPakFileMountedCallback: pending pak file info (ChunkID:-1 Root:root:/ File:C:/Program Files/Epic Games/UE_4.27/FeaturePacks/TP_SideScrollerBP.upack)
[2023.02.04-15.03.20:737][  0]LogPakFile: OnPakFileMounted2Time == 0.000018
[2023.02.04-15.03.20:738][  0]LogPakFile: PakFile PrimaryIndexSize=187
[2023.02.04-15.03.20:738][  0]LogPakFile: PakFile PathHashIndexSize=101
[2023.02.04-15.03.20:738][  0]LogPakFile: PakFile FullDirectoryIndexSize=148
[2023.02.04-15.03.20:738][  0]LogShaderLibrary: Display: ShaderCodeLibraryPakFileMountedCallback: PakFile 'C:/Program Files/Epic Games/UE_4.27/FeaturePacks/TP_ThirdPerson.upack' (chunk index -1, root 'root:/') mounted
[2023.02.04-15.03.20:738][  0]LogShaderLibrary: Display: ShaderCodeLibraryPakFileMountedCallback: pending pak file info (ChunkID:-1 Root:root:/ File:C:/Program Files/Epic Games/UE_4.27/FeaturePacks/TP_ThirdPerson.upack)
[2023.02.04-15.03.20:738][  0]LogPakFile: OnPakFileMounted2Time == 0.000020
[2023.02.04-15.03.20:738][  0]LogPakFile: PakFile PrimaryIndexSize=189
[2023.02.04-15.03.20:738][  0]LogPakFile: PakFile PathHashIndexSize=101
[2023.02.04-15.03.20:738][  0]LogPakFile: PakFile FullDirectoryIndexSize=152
[2023.02.04-15.03.20:738][  0]LogShaderLibrary: Display: ShaderCodeLibraryPakFileMountedCallback: PakFile 'C:/Program Files/Epic Games/UE_4.27/FeaturePacks/TP_ThirdPersonBP.upack' (chunk index -1, root 'root:/') mounted
[2023.02.04-15.03.20:738][  0]LogShaderLibrary: Display: ShaderCodeLibraryPakFileMountedCallback: pending pak file info (ChunkID:-1 Root:root:/ File:C:/Program Files/Epic Games/UE_4.27/FeaturePacks/TP_ThirdPersonBP.upack)
[2023.02.04-15.03.20:738][  0]LogPakFile: OnPakFileMounted2Time == 0.000018
[2023.02.04-15.03.20:739][  0]LogPakFile: PakFile PrimaryIndexSize=183
[2023.02.04-15.03.20:739][  0]LogPakFile: PakFile PathHashIndexSize=101
[2023.02.04-15.03.20:739][  0]LogPakFile: PakFile FullDirectoryIndexSize=140
[2023.02.04-15.03.20:739][  0]LogShaderLibrary: Display: ShaderCodeLibraryPakFileMountedCallback: PakFile 'C:/Program Files/Epic Games/UE_4.27/FeaturePacks/TP_TopDown.upack' (chunk index -1, root 'root:/') mounted
[2023.02.04-15.03.20:739][  0]LogShaderLibrary: Display: ShaderCodeLibraryPakFileMountedCallback: pending pak file info (ChunkID:-1 Root:root:/ File:C:/Program Files/Epic Games/UE_4.27/FeaturePacks/TP_TopDown.upack)
[2023.02.04-15.03.20:739][  0]LogPakFile: OnPakFileMounted2Time == 0.000024
[2023.02.04-15.03.20:739][  0]LogPakFile: PakFile PrimaryIndexSize=185
[2023.02.04-15.03.20:739][  0]LogPakFile: PakFile PathHashIndexSize=101
[2023.02.04-15.03.20:739][  0]LogPakFile: PakFile FullDirectoryIndexSize=144
[2023.02.04-15.03.20:739][  0]LogShaderLibrary: Display: ShaderCodeLibraryPakFileMountedCallback: PakFile 'C:/Program Files/Epic Games/UE_4.27/FeaturePacks/TP_TopDownBP.upack' (chunk index -1, root 'root:/') mounted
[2023.02.04-15.03.20:739][  0]LogShaderLibrary: Display: ShaderCodeLibraryPakFileMountedCallback: pending pak file info (ChunkID:-1 Root:root:/ File:C:/Program Files/Epic Games/UE_4.27/FeaturePacks/TP_TopDownBP.upack)
[2023.02.04-15.03.20:739][  0]LogPakFile: OnPakFileMounted2Time == 0.000019
[2023.02.04-15.03.20:739][  0]LogPakFile: PakFile PrimaryIndexSize=185
[2023.02.04-15.03.20:740][  0]LogPakFile: PakFile PathHashIndexSize=101
[2023.02.04-15.03.20:740][  0]LogPakFile: PakFile FullDirectoryIndexSize=144
[2023.02.04-15.03.20:740][  0]LogShaderLibrary: Display: ShaderCodeLibraryPakFileMountedCallback: PakFile 'C:/Program Files/Epic Games/UE_4.27/FeaturePacks/TP_TwinStick.upack' (chunk index -1, root 'root:/') mounted
[2023.02.04-15.03.20:740][  0]LogShaderLibrary: Display: ShaderCodeLibraryPakFileMountedCallback: pending pak file info (ChunkID:-1 Root:root:/ File:C:/Program Files/Epic Games/UE_4.27/FeaturePacks/TP_TwinStick.upack)
[2023.02.04-15.03.20:740][  0]LogPakFile: OnPakFileMounted2Time == 0.000018
[2023.02.04-15.03.20:740][  0]LogPakFile: PakFile PrimaryIndexSize=187
[2023.02.04-15.03.20:740][  0]LogPakFile: PakFile PathHashIndexSize=101
[2023.02.04-15.03.20:740][  0]LogPakFile: PakFile FullDirectoryIndexSize=148
[2023.02.04-15.03.20:740][  0]LogShaderLibrary: Display: ShaderCodeLibraryPakFileMountedCallback: PakFile 'C:/Program Files/Epic Games/UE_4.27/FeaturePacks/TP_TwinStickBP.upack' (chunk index -1, root 'root:/') mounted
[2023.02.04-15.03.20:740][  0]LogShaderLibrary: Display: ShaderCodeLibraryPakFileMountedCallback: pending pak file info (ChunkID:-1 Root:root:/ File:C:/Program Files/Epic Games/UE_4.27/FeaturePacks/TP_TwinStickBP.upack)
[2023.02.04-15.03.20:740][  0]LogPakFile: OnPakFileMounted2Time == 0.000018
[2023.02.04-15.03.20:740][  0]LogPakFile: PakFile PrimaryIndexSize=183
[2023.02.04-15.03.20:740][  0]LogPakFile: PakFile PathHashIndexSize=101
[2023.02.04-15.03.20:740][  0]LogPakFile: PakFile FullDirectoryIndexSize=140
[2023.02.04-15.03.20:740][  0]LogShaderLibrary: Display: ShaderCodeLibraryPakFileMountedCallback: PakFile 'C:/Program Files/Epic Games/UE_4.27/FeaturePacks/TP_Vehicle.upack' (chunk index -1, root 'root:/') mounted
[2023.02.04-15.03.20:740][  0]LogShaderLibrary: Display: ShaderCodeLibraryPakFileMountedCallback: pending pak file info (ChunkID:-1 Root:root:/ File:C:/Program Files/Epic Games/UE_4.27/FeaturePacks/TP_Vehicle.upack)
[2023.02.04-15.03.20:740][  0]LogPakFile: OnPakFileMounted2Time == 0.000018
[2023.02.04-15.03.20:741][  0]LogPakFile: PakFile PrimaryIndexSize=186
[2023.02.04-15.03.20:741][  0]LogPakFile: PakFile PathHashIndexSize=101
[2023.02.04-15.03.20:741][  0]LogPakFile: PakFile FullDirectoryIndexSize=146
[2023.02.04-15.03.20:741][  0]LogShaderLibrary: Display: ShaderCodeLibraryPakFileMountedCallback: PakFile 'C:/Program Files/Epic Games/UE_4.27/FeaturePacks/TP_VehicleAdv.upack' (chunk index -1, root 'root:/') mounted
[2023.02.04-15.03.20:741][  0]LogShaderLibrary: Display: ShaderCodeLibraryPakFileMountedCallback: pending pak file info (ChunkID:-1 Root:root:/ File:C:/Program Files/Epic Games/UE_4.27/FeaturePacks/TP_VehicleAdv.upack)
[2023.02.04-15.03.20:741][  0]LogPakFile: OnPakFileMounted2Time == 0.000019
[2023.02.04-15.03.20:741][  0]LogPakFile: PakFile PrimaryIndexSize=188
[2023.02.04-15.03.20:741][  0]LogPakFile: PakFile PathHashIndexSize=101
[2023.02.04-15.03.20:741][  0]LogPakFile: PakFile FullDirectoryIndexSize=150
[2023.02.04-15.03.20:741][  0]LogShaderLibrary: Display: ShaderCodeLibraryPakFileMountedCallback: PakFile 'C:/Program Files/Epic Games/UE_4.27/FeaturePacks/TP_VehicleAdvBP.upack' (chunk index -1, root 'root:/') mounted
[2023.02.04-15.03.20:741][  0]LogShaderLibrary: Display: ShaderCodeLibraryPakFileMountedCallback: pending pak file info (ChunkID:-1 Root:root:/ File:C:/Program Files/Epic Games/UE_4.27/FeaturePacks/TP_VehicleAdvBP.upack)
[2023.02.04-15.03.20:741][  0]LogPakFile: OnPakFileMounted2Time == 0.000018
[2023.02.04-15.03.20:741][  0]LogPakFile: PakFile PrimaryIndexSize=185
[2023.02.04-15.03.20:741][  0]LogPakFile: PakFile PathHashIndexSize=101
[2023.02.04-15.03.20:741][  0]LogPakFile: PakFile FullDirectoryIndexSize=144
[2023.02.04-15.03.20:741][  0]LogShaderLibrary: Display: ShaderCodeLibraryPakFileMountedCallback: PakFile 'C:/Program Files/Epic Games/UE_4.27/FeaturePacks/TP_VehicleBP.upack' (chunk index -1, root 'root:/') mounted
[2023.02.04-15.03.20:741][  0]LogShaderLibrary: Display: ShaderCodeLibraryPakFileMountedCallback: pending pak file info (ChunkID:-1 Root:root:/ File:C:/Program Files/Epic Games/UE_4.27/FeaturePacks/TP_VehicleBP.upack)
[2023.02.04-15.03.20:741][  0]LogPakFile: OnPakFileMounted2Time == 0.000020
[2023.02.04-15.03.20:742][  0]LogPakFile: PakFile PrimaryIndexSize=192
[2023.02.04-15.03.20:742][  0]LogPakFile: PakFile PathHashIndexSize=101
[2023.02.04-15.03.20:742][  0]LogPakFile: PakFile FullDirectoryIndexSize=158
[2023.02.04-15.03.20:742][  0]LogShaderLibrary: Display: ShaderCodeLibraryPakFileMountedCallback: PakFile 'C:/Program Files/Epic Games/UE_4.27/FeaturePacks/TP_VirtualRealityBP.upack' (chunk index -1, root 'root:/') mounted
[2023.02.04-15.03.20:742][  0]LogShaderLibrary: Display: ShaderCodeLibraryPakFileMountedCallback: pending pak file info (ChunkID:-1 Root:root:/ File:C:/Program Files/Epic Games/UE_4.27/FeaturePacks/TP_VirtualRealityBP.upack)
[2023.02.04-15.03.20:742][  0]LogPakFile: OnPakFileMounted2Time == 0.000018
[2023.02.04-15.03.20:778][  0]LogNativeClassHierarchy: Verbose: Native class hierarchy updated for 'AddContentDialog' in 0.0002 seconds. Added 0 classes and 0 folders.
[2023.02.04-15.03.20:779][  0]LogNativeClassHierarchy: Verbose: Native class hierarchy updated for 'SceneOutliner' in 0.0002 seconds. Added 2 classes and 0 folders.
[2023.02.04-15.03.20:871][  0]LogSlate: Took 0.000192 seconds to synchronously load lazily loaded font '../../../Engine/Content/Slate/Fonts/Roboto-Regular.ttf' (155K)
[2023.02.04-15.03.20:872][  0]LogSlate: Took 0.000160 seconds to synchronously load lazily loaded font '../../../Engine/Content/Editor/Slate/Fonts/FontAwesome.ttf' (139K)
[2023.02.04-15.03.20:872][  0]LogSlate: Took 0.000132 seconds to synchronously load lazily loaded font '../../../Engine/Content/Slate/Fonts/Roboto-Bold.ttf' (160K)
[2023.02.04-15.03.20:917][  0]LogRenderer: Reallocating scene render targets to support 1728x648 Format 10 NumSamples 1 (Frame:1).
[2023.02.04-15.03.21:015][  0]LogNativeClassHierarchy: Verbose: Native class hierarchy updated for 'HierarchicalLODOutliner' in 0.0002 seconds. Added 0 classes and 0 folders.
[2023.02.04-15.03.21:015][  0]LogInput: Warning: Action Jump uses invalid key OculusGo_Left_Trigger_Click.
[2023.02.04-15.03.21:015][  0]LogInput: Warning: Action ResetVR uses invalid key OculusGo_Left_Trackpad_Click.
[2023.02.04-15.03.21:015][  0]LogInput: Warning: Use -RemoveInvalidKeys to remove instances of these keys from the action mapping.
[2023.02.04-15.03.21:015][  0]LogLoad: (Engine Initialization) Total time: 5.94 seconds
[2023.02.04-15.03.21:015][  0]LogLoad: (Engine Initialization) Total Blueprint compile time: 0.00 seconds
[2023.02.04-15.03.21:051][  0]LogAssetRegistry: Asset discovery search completed in 3.1070 seconds
[2023.02.04-15.03.21:055][  0]LogCollectionManager: Fixed up redirectors for 0 collections in 0.000003 seconds (updated 0 objects)
[2023.02.04-15.03.21:056][  0]LogContentStreaming: Texture pool size now 1000 MB
[2023.02.04-15.03.21:097][  1]LogFileCache: Retrieving MD5 hashes for directory 'C:/Users/c2178288/Documents/GitHub/Global-Game-Jam/Rooted/Content/' took 0.07s
[2023.02.04-15.03.21:135][  4]LogSlate: Took 0.000207 seconds to synchronously load lazily loaded font '../../../Engine/Content/Slate/Fonts/Roboto-Light.ttf' (167K)
[2023.02.04-15.03.22:033][101]LogSlate: Took 0.000222 seconds to synchronously load lazily loaded font '../../../Engine/Content/Slate/Fonts/Roboto-Light.ttf' (167K)
[2023.02.04-15.03.29:580][947]LogSlate: Window 'Message Log' being destroyed
[2023.02.04-15.03.29:584][947]LogSlate: Window 'Message Log' being destroyed
[2023.02.04-15.03.49:042][248]LogUObjectHash: Compacting FUObjectHashTables data took   0.37ms
[2023.02.04-15.03.49:097][248]LogAssetEditorSubsystem: Opening Asset editor for World /Game/Rooted_StartArea_Map.Rooted_StartArea_Map
[2023.02.04-15.03.49:097][248]Cmd: MAP LOAD FILE="../../../../../../Users/c2178288/Documents/GitHub/Global-Game-Jam/Rooted/Content/Rooted_StartArea_Map.umap" TEMPLATE=0 SHOWPROGRESS=1 FEATURELEVEL=3
[2023.02.04-15.03.49:097][248]LightingResults: New page: Lighting Build
[2023.02.04-15.03.49:097][248]LoadErrors: New page: Loading map: Rooted_StartArea_Map.umap
[2023.02.04-15.03.49:145][248]LogWorld: UWorld::CleanupWorld for ThirdPersonExampleMap, bSessionEnded=true, bCleanupResources=true
[2023.02.04-15.03.49:145][248]LogSlate: InvalidateAllWidgets triggered.  All widgets were invalidated
[2023.02.04-15.03.49:145][248]MapCheck: New page: Map Check
[2023.02.04-15.03.49:145][248]LightingResults: New page: Lighting Build
[2023.02.04-15.03.49:148][248]LogAudio: Display: Audio Device unregistered from world 'None'.
[2023.02.04-15.03.49:149][248]LogUObjectHash: Compacting FUObjectHashTables data took   0.46ms
[2023.02.04-15.03.49:150][248]LogAudio: Display: Audio Device (ID: 1) registered with world 'Rooted_StartArea_Map'.
[2023.02.04-15.03.49:152][248]LogEditorServer: Finished looking for orphan Actors (0.000 secs)
[2023.02.04-15.03.49:152][248]LogAIModule: Creating AISystem for world Rooted_StartArea_Map
[2023.02.04-15.03.49:157][248]LogUObjectHash: Compacting FUObjectHashTables data took   0.38ms
[2023.02.04-15.03.49:160][248]Cmd: MAP CHECKDEP NOCLEARLOG
[2023.02.04-15.03.49:160][248]MapCheck: Map check complete: 0 Error(s), 0 Warning(s), took 0.082ms to complete.
[2023.02.04-15.03.49:160][248]LogFileHelpers: Loading map 'Rooted_StartArea_Map' took 0.064
